{"meta": {"format": 3, "version": "7.10.7", "timestamp": "2025-11-14T22:26:18.943811", "branch_coverage": false, "show_contexts": false}, "files": {"config/__init__.py": {"executed_lines": [1, 3], "summary": {"covered_lines": 2, "num_statements": 2, "percent_covered": 100.0, "percent_covered_display": "100", "missing_lines": 0, "excluded_lines": 0}, "missing_lines": [], "excluded_lines": [], "functions": {"": {"executed_lines": [1, 3], "summary": {"covered_lines": 2, "num_statements": 2, "percent_covered": 100.0, "percent_covered_display": "100", "missing_lines": 0, "excluded_lines": 0}, "missing_lines": [], "excluded_lines": []}}, "classes": {"": {"executed_lines": [1, 3], "summary": {"covered_lines": 2, "num_statements": 2, "percent_covered": 100.0, "percent_covered_display": "100", "missing_lines": 0, "excluded_lines": 0}, "missing_lines": [], "excluded_lines": []}}}, "config/config.py": {"executed_lines": [1, 2, 3, 4, 5, 8, 11, 12, 14, 15, 17, 18, 19, 20, 21, 23, 25, 28, 29, 30, 32, 35, 37, 39, 49, 50, 51, 52, 53, 56, 57, 58, 59, 61, 63, 65, 116, 118, 119, 120, 122, 124, 126, 128, 130, 132, 134, 136, 138, 140, 142, 144, 146, 148, 150, 152, 154, 156, 160], "summary": {"covered_lines": 58, "num_statements": 58, "percent_covered": 100.0, "percent_covered_display": "100", "missing_lines": 0, "excluded_lines": 0}, "missing_lines": [], "excluded_lines": [], "functions": {"Config.__new__": {"executed_lines": [18, 19, 20, 21], "summary": {"covered_lines": 4, "num_statements": 4, "percent_covered": 100.0, "percent_covered_display": "100", "missing_lines": 0, "excluded_lines": 0}, "missing_lines": [], "excluded_lines": []}, "Config._load_config": {"executed_lines": [25, 28, 29, 30, 32, 35], "summary": {"covered_lines": 6, "num_statements": 6, "percent_covered": 100.0, "percent_covered_display": "100", "missing_lines": 0, "excluded_lines": 0}, "missing_lines": [], "excluded_lines": []}, "Config._override_with_env": {"executed_lines": [39, 49, 50, 51, 52, 53, 56, 57, 58, 59, 61], "summary": {"covered_lines": 11, "num_statements": 11, "percent_covered": 100.0, "percent_covered_display": "100", "missing_lines": 0, "excluded_lines": 0}, "missing_lines": [], "excluded_lines": []}, "Config._get_default_config": {"executed_lines": [65], "summary": {"covered_lines": 1, "num_statements": 1, "percent_covered": 100.0, "percent_covered_display": "100", "missing_lines": 0, "excluded_lines": 0}, "missing_lines": [], "excluded_lines": []}, "Config.get": {"executed_lines": [118, 119, 120], "summary": {"covered_lines": 3, "num_statements": 3, "percent_covered": 100.0, "percent_covered_display": "100", "missing_lines": 0, "excluded_lines": 0}, "missing_lines": [], "excluded_lines": []}, "Config.get_server_config": {"executed_lines": [124], "summary": {"covered_lines": 1, "num_statements": 1, "percent_covered": 100.0, "percent_covered_display": "100", "missing_lines": 0, "excluded_lines": 0}, "missing_lines": [], "excluded_lines": []}, "Config.get_model_config": {"executed_lines": [128], "summary": {"covered_lines": 1, "num_statements": 1, "percent_covered": 100.0, "percent_covered_display": "100", "missing_lines": 0, "excluded_lines": 0}, "missing_lines": [], "excluded_lines": []}, "Config.get_trading_config": {"executed_lines": [132], "summary": {"covered_lines": 1, "num_statements": 1, "percent_covered": 100.0, "percent_covered_display": "100", "missing_lines": 0, "excluded_lines": 0}, "missing_lines": [], "excluded_lines": []}, "Config.get_indicators_config": {"executed_lines": [136], "summary": {"covered_lines": 1, "num_statements": 1, "percent_covered": 100.0, "percent_covered_display": "100", "missing_lines": 0, "excluded_lines": 0}, "missing_lines": [], "excluded_lines": []}, "Config.get_data_config": {"executed_lines": [140], "summary": {"covered_lines": 1, "num_statements": 1, "percent_covered": 100.0, "percent_covered_display": "100", "missing_lines": 0, "excluded_lines": 0}, "missing_lines": [], "excluded_lines": []}, "Config.get_model_management_config": {"executed_lines": [144], "summary": {"covered_lines": 1, "num_statements": 1, "percent_covered": 100.0, "percent_covered_display": "100", "missing_lines": 0, "excluded_lines": 0}, "missing_lines": [], "excluded_lines": []}, "Config.get_logging_config": {"executed_lines": [148], "summary": {"covered_lines": 1, "num_statements": 1, "percent_covered": 100.0, "percent_covered_display": "100", "missing_lines": 0, "excluded_lines": 0}, "missing_lines": [], "excluded_lines": []}, "Config.get_supported_timeframes": {"executed_lines": [152], "summary": {"covered_lines": 1, "num_statements": 1, "percent_covered": 100.0, "percent_covered_display": "100", "missing_lines": 0, "excluded_lines": 0}, "missing_lines": [], "excluded_lines": []}, "Config.is_valid_timeframe": {"executed_lines": [156], "summary": {"covered_lines": 1, "num_statements": 1, "percent_covered": 100.0, "percent_covered_display": "100", "missing_lines": 0, "excluded_lines": 0}, "missing_lines": [], "excluded_lines": []}, "": {"executed_lines": [1, 2, 3, 4, 5, 8, 11, 12, 14, 15, 17, 23, 37, 63, 116, 122, 126, 130, 134, 138, 142, 146, 150, 154, 160], "summary": {"covered_lines": 24, "num_statements": 24, "percent_covered": 100.0, "percent_covered_display": "100", "missing_lines": 0, "excluded_lines": 0}, "missing_lines": [], "excluded_lines": []}}, "classes": {"Config": {"executed_lines": [18, 19, 20, 21, 25, 28, 29, 30, 32, 35, 39, 49, 50, 51, 52, 53, 56, 57, 58, 59, 61, 65, 118, 119, 120, 124, 128, 132, 136, 140, 144, 148, 152, 156], "summary": {"covered_lines": 34, "num_statements": 34, "percent_covered": 100.0, "percent_covered_display": "100", "missing_lines": 0, "excluded_lines": 0}, "missing_lines": [], "excluded_lines": []}, "": {"executed_lines": [1, 2, 3, 4, 5, 8, 11, 12, 14, 15, 17, 23, 37, 63, 116, 122, 126, 130, 134, 138, 142, 146, 150, 154, 160], "summary": {"covered_lines": 24, "num_statements": 24, "percent_covered": 100.0, "percent_covered_display": "100", "missing_lines": 0, "excluded_lines": 0}, "missing_lines": [], "excluded_lines": []}}}, "features/__init__.py": {"executed_lines": [1, 2, 4], "summary": {"covered_lines": 3, "num_statements": 3, "percent_covered": 100.0, "percent_covered_display": "100", "missing_lines": 0, "excluded_lines": 0}, "missing_lines": [], "excluded_lines": [], "functions": {"": {"executed_lines": [1, 2, 4], "summary": {"covered_lines": 3, "num_statements": 3, "percent_covered": 100.0, "percent_covered_display": "100", "missing_lines": 0, "excluded_lines": 0}, "missing_lines": [], "excluded_lines": []}}, "classes": {"": {"executed_lines": [1, 2, 4], "summary": {"covered_lines": 3, "num_statements": 3, "percent_covered": 100.0, "percent_covered_display": "100", "missing_lines": 0, "excluded_lines": 0}, "missing_lines": [], "excluded_lines": []}}}, "features/feature_engineering.py": {"executed_lines": [1, 2, 3, 4, 5, 6, 7, 14, 17, 18, 20, 21, 22, 23, 24, 25, 27, 29, 32, 35, 38, 41, 44, 47, 49, 50, 52, 54, 56, 57, 58, 61, 64, 67, 70, 73, 74, 76, 77, 78, 79, 81, 83, 85, 86, 87, 88, 91, 92, 93, 94, 95, 96, 99, 103, 104, 105, 106, 108, 112, 113, 115, 116, 117, 118, 120, 125, 127, 129, 130, 131, 134, 135, 138, 140, 141, 142, 143, 145, 147, 149, 152, 155, 157, 158, 159, 160, 162, 191, 193, 195, 198, 199, 203, 214, 216, 217, 218, 219, 221, 223, 224, 225, 227, 228, 229, 230, 231, 234, 235, 236, 237, 238, 240, 241, 242, 243, 245, 247, 249, 252, 255, 256, 259, 283, 284, 285, 287, 289, 291, 294, 295, 298, 303, 305, 306, 307, 308, 310, 314], "summary": {"covered_lines": 139, "num_statements": 165, "percent_covered": 84.24242424242425, "percent_covered_display": "84", "missing_lines": 26, "excluded_lines": 0}, "missing_lines": [121, 122, 123, 166, 169, 170, 173, 176, 179, 181, 182, 183, 185, 186, 188, 189, 262, 264, 270, 273, 276, 279, 280, 282, 312, 316], "excluded_lines": [], "functions": {"FeatureEngineer.__init__": {"executed_lines": [21, 22, 23, 24, 25], "summary": {"covered_lines": 5, "num_statements": 5, "percent_covered": 100.0, "percent_covered_display": "100", "missing_lines": 0, "excluded_lines": 0}, "missing_lines": [], "excluded_lines": []}, "FeatureEngineer.prepare_features": {"executed_lines": [29, 32, 35, 38, 41, 44, 47, 49, 50], "summary": {"covered_lines": 9, "num_statements": 9, "percent_covered": 100.0, "percent_covered_display": "100", "missing_lines": 0, "excluded_lines": 0}, "missing_lines": [], "excluded_lines": []}, "FeatureEngineer._add_price_features": {"executed_lines": [54, 56, 57, 58, 61, 64, 67, 70, 73, 74, 76, 77, 78, 79], "summary": {"covered_lines": 14, "num_statements": 14, "percent_covered": 100.0, "percent_covered_display": "100", "missing_lines": 0, "excluded_lines": 0}, "missing_lines": [], "excluded_lines": []}, "FeatureEngineer._add_time_features": {"executed_lines": [83, 85, 86, 87, 88, 91, 92, 93, 94, 95, 96, 99, 103, 104, 105, 106], "summary": {"covered_lines": 16, "num_statements": 16, "percent_covered": 100.0, "percent_covered_display": "100", "missing_lines": 0, "excluded_lines": 0}, "missing_lines": [], "excluded_lines": []}, "FeatureEngineer._add_lag_features": {"executed_lines": [112, 113, 115, 116, 117, 118, 120], "summary": {"covered_lines": 7, "num_statements": 10, "percent_covered": 70.0, "percent_covered_display": "70", "missing_lines": 3, "excluded_lines": 0}, "missing_lines": [121, 122, 123], "excluded_lines": []}, "FeatureEngineer._add_volatility_features": {"executed_lines": [127, 129, 130, 131, 134, 135, 138, 140, 141, 142, 143], "summary": {"covered_lines": 11, "num_statements": 11, "percent_covered": 100.0, "percent_covered_display": "100", "missing_lines": 0, "excluded_lines": 0}, "missing_lines": [], "excluded_lines": []}, "FeatureEngineer._clean_data": {"executed_lines": [147, 149, 152, 155, 157, 158, 159, 160], "summary": {"covered_lines": 8, "num_statements": 8, "percent_covered": 100.0, "percent_covered_display": "100", "missing_lines": 0, "excluded_lines": 0}, "missing_lines": [], "excluded_lines": []}, "FeatureEngineer.create_sequences": {"executed_lines": [], "summary": {"covered_lines": 0, "num_statements": 13, "percent_covered": 0.0, "percent_covered_display": "0", "missing_lines": 13, "excluded_lines": 0}, "missing_lines": [166, 169, 170, 173, 176, 179, 181, 182, 183, 185, 186, 188, 189], "excluded_lines": []}, "FeatureEngineer._create_target": {"executed_lines": [193, 195, 198, 199, 203, 214, 216, 217, 218, 219], "summary": {"covered_lines": 10, "num_statements": 10, "percent_covered": 100.0, "percent_covered_display": "100", "missing_lines": 0, "excluded_lines": 0}, "missing_lines": [], "excluded_lines": []}, "FeatureEngineer.scale_features": {"executed_lines": [223, 224, 225, 227, 228, 229, 230, 231, 234, 235, 236, 237, 238, 240, 241, 242, 243], "summary": {"covered_lines": 17, "num_statements": 17, "percent_covered": 100.0, "percent_covered_display": "100", "missing_lines": 0, "excluded_lines": 0}, "missing_lines": [], "excluded_lines": []}, "FeatureEngineer.prepare_for_inference": {"executed_lines": [247, 249, 252, 255, 256, 259, 283, 284, 285], "summary": {"covered_lines": 9, "num_statements": 17, "percent_covered": 52.94117647058823, "percent_covered_display": "53", "missing_lines": 8, "excluded_lines": 0}, "missing_lines": [262, 264, 270, 273, 276, 279, 280, 282], "excluded_lines": []}, "FeatureEngineer.get_feature_importance": {"executed_lines": [289, 291, 294, 295, 298, 303, 305, 306, 307, 308], "summary": {"covered_lines": 10, "num_statements": 10, "percent_covered": 100.0, "percent_covered_display": "100", "missing_lines": 0, "excluded_lines": 0}, "missing_lines": [], "excluded_lines": []}, "FeatureEngineer.get_feature_columns": {"executed_lines": [], "summary": {"covered_lines": 0, "num_statements": 1, "percent_covered": 0.0, "percent_covered_display": "0", "missing_lines": 1, "excluded_lines": 0}, "missing_lines": [312], "excluded_lines": []}, "FeatureEngineer.get_features_count": {"executed_lines": [], "summary": {"covered_lines": 0, "num_statements": 1, "percent_covered": 0.0, "percent_covered_display": "0", "missing_lines": 1, "excluded_lines": 0}, "missing_lines": [316], "excluded_lines": []}, "": {"executed_lines": [1, 2, 3, 4, 5, 6, 7, 14, 17, 18, 20, 27, 52, 81, 108, 125, 145, 162, 191, 221, 245, 287, 310, 314], "summary": {"covered_lines": 23, "num_statements": 23, "percent_covered": 100.0, "percent_covered_display": "100", "missing_lines": 0, "excluded_lines": 0}, "missing_lines": [], "excluded_lines": []}}, "classes": {"FeatureEngineer": {"executed_lines": [21, 22, 23, 24, 25, 29, 32, 35, 38, 41, 44, 47, 49, 50, 54, 56, 57, 58, 61, 64, 67, 70, 73, 74, 76, 77, 78, 79, 83, 85, 86, 87, 88, 91, 92, 93, 94, 95, 96, 99, 103, 104, 105, 106, 112, 113, 115, 116, 117, 118, 120, 127, 129, 130, 131, 134, 135, 138, 140, 141, 142, 143, 147, 149, 152, 155, 157, 158, 159, 160, 193, 195, 198, 199, 203, 214, 216, 217, 218, 219, 223, 224, 225, 227, 228, 229, 230, 231, 234, 235, 236, 237, 238, 240, 241, 242, 243, 247, 249, 252, 255, 256, 259, 283, 284, 285, 289, 291, 294, 295, 298, 303, 305, 306, 307, 308], "summary": {"covered_lines": 116, "num_statements": 142, "percent_covered": 81.69014084507042, "percent_covered_display": "82", "missing_lines": 26, "excluded_lines": 0}, "missing_lines": [121, 122, 123, 166, 169, 170, 173, 176, 179, 181, 182, 183, 185, 186, 188, 189, 262, 264, 270, 273, 276, 279, 280, 282, 312, 316], "excluded_lines": []}, "": {"executed_lines": [1, 2, 3, 4, 5, 6, 7, 14, 17, 18, 20, 27, 52, 81, 108, 125, 145, 162, 191, 221, 245, 287, 310, 314], "summary": {"covered_lines": 23, "num_statements": 23, "percent_covered": 100.0, "percent_covered_display": "100", "missing_lines": 0, "excluded_lines": 0}, "missing_lines": [], "excluded_lines": []}}}, "features/technical_indicators.py": {"executed_lines": [1, 2, 3, 4, 5, 6, 13, 16, 17, 19, 20, 22, 26, 27, 28, 33, 41, 42, 43, 45, 46, 52, 65, 69, 70, 72, 73, 74, 81, 83, 90, 91, 93, 94, 97, 114, 118, 120, 121, 124, 127, 140, 141, 142, 149, 153, 154, 161, 165, 166, 167, 172, 174, 175, 178, 179, 180, 182, 184, 185, 188, 189, 192, 197, 200, 205, 206, 207, 210, 211, 212, 216, 217, 218, 219, 221, 223, 224, 227, 232, 242, 243, 244, 246, 248, 251, 253, 255, 258, 259, 260, 263, 264, 265, 268, 269, 270, 273, 274, 275, 278, 279, 280, 283, 286, 287, 288, 291, 292, 295, 298], "summary": {"covered_lines": 110, "num_statements": 131, "percent_covered": 83.96946564885496, "percent_covered_display": "84", "missing_lines": 21, "excluded_lines": 0}, "missing_lines": [29, 30, 31, 57, 58, 59, 77, 78, 79, 104, 105, 106, 132, 137, 139, 237, 241, 293, 300, 301, 302], "excluded_lines": [], "functions": {"TechnicalIndicators.__init__": {"executed_lines": [20], "summary": {"covered_lines": 1, "num_statements": 1, "percent_covered": 100.0, "percent_covered_display": "100", "missing_lines": 0, "excluded_lines": 0}, "missing_lines": [], "excluded_lines": []}, "TechnicalIndicators.calculate_rsi": {"executed_lines": [26, 27, 28], "summary": {"covered_lines": 3, "num_statements": 6, "percent_covered": 50.0, "percent_covered_display": "50", "missing_lines": 3, "excluded_lines": 0}, "missing_lines": [29, 30, 31], "excluded_lines": []}, "TechnicalIndicators.calculate_macd": {"executed_lines": [41, 42, 43, 45, 46, 52], "summary": {"covered_lines": 6, "num_statements": 9, "percent_covered": 66.66666666666667, "percent_covered_display": "67", "missing_lines": 3, "excluded_lines": 0}, "missing_lines": [57, 58, 59], "excluded_lines": []}, "TechnicalIndicators.calculate_ema": {"executed_lines": [69, 70, 72, 73, 74, 81], "summary": {"covered_lines": 6, "num_statements": 9, "percent_covered": 66.66666666666667, "percent_covered_display": "67", "missing_lines": 3, "excluded_lines": 0}, "missing_lines": [77, 78, 79], "excluded_lines": []}, "TechnicalIndicators.calculate_bollinger_bands": {"executed_lines": [90, 91, 93, 94, 97], "summary": {"covered_lines": 5, "num_statements": 8, "percent_covered": 62.5, "percent_covered_display": "62", "missing_lines": 3, "excluded_lines": 0}, "missing_lines": [104, 105, 106], "excluded_lines": []}, "TechnicalIndicators.calculate_volume_indicators": {"executed_lines": [118, 120, 121, 124, 127, 140, 141, 142], "summary": {"covered_lines": 8, "num_statements": 11, "percent_covered": 72.72727272727273, "percent_covered_display": "73", "missing_lines": 3, "excluded_lines": 0}, "missing_lines": [132, 137, 139], "excluded_lines": []}, "TechnicalIndicators.calculate_stochastic": {"executed_lines": [153, 154, 161, 165, 166, 167], "summary": {"covered_lines": 6, "num_statements": 6, "percent_covered": 100.0, "percent_covered_display": "100", "missing_lines": 0, "excluded_lines": 0}, "missing_lines": [], "excluded_lines": []}, "TechnicalIndicators.calculate_atr": {"executed_lines": [174, 175, 178, 179, 180], "summary": {"covered_lines": 5, "num_statements": 5, "percent_covered": 100.0, "percent_covered_display": "100", "missing_lines": 0, "excluded_lines": 0}, "missing_lines": [], "excluded_lines": []}, "TechnicalIndicators.detect_price_patterns": {"executed_lines": [184, 185, 188, 189, 192, 197, 200, 205, 206, 207, 210, 211, 212, 216, 217, 218, 219], "summary": {"covered_lines": 17, "num_statements": 17, "percent_covered": 100.0, "percent_covered_display": "100", "missing_lines": 0, "excluded_lines": 0}, "missing_lines": [], "excluded_lines": []}, "TechnicalIndicators.calculate_momentum_indicators": {"executed_lines": [223, 224, 227, 232, 242, 243, 244], "summary": {"covered_lines": 7, "num_statements": 9, "percent_covered": 77.77777777777777, "percent_covered_display": "78", "missing_lines": 2, "excluded_lines": 0}, "missing_lines": [237, 241], "excluded_lines": []}, "TechnicalIndicators.calculate_all_indicators": {"executed_lines": [248, 251, 253, 255, 258, 259, 260, 263, 264, 265, 268, 269, 270, 273, 274, 275, 278, 279, 280, 283, 286, 287, 288, 291, 292, 295, 298], "summary": {"covered_lines": 27, "num_statements": 31, "percent_covered": 87.09677419354838, "percent_covered_display": "87", "missing_lines": 4, "excluded_lines": 0}, "missing_lines": [293, 300, 301, 302], "excluded_lines": []}, "": {"executed_lines": [1, 2, 3, 4, 5, 6, 13, 16, 17, 19, 22, 33, 65, 83, 114, 149, 172, 182, 221, 246], "summary": {"covered_lines": 19, "num_statements": 19, "percent_covered": 100.0, "percent_covered_display": "100", "missing_lines": 0, "excluded_lines": 0}, "missing_lines": [], "excluded_lines": []}}, "classes": {"TechnicalIndicators": {"executed_lines": [20, 26, 27, 28, 41, 42, 43, 45, 46, 52, 69, 70, 72, 73, 74, 81, 90, 91, 93, 94, 97, 118, 120, 121, 124, 127, 140, 141, 142, 153, 154, 161, 165, 166, 167, 174, 175, 178, 179, 180, 184, 185, 188, 189, 192, 197, 200, 205, 206, 207, 210, 211, 212, 216, 217, 218, 219, 223, 224, 227, 232, 242, 243, 244, 248, 251, 253, 255, 258, 259, 260, 263, 264, 265, 268, 269, 270, 273, 274, 275, 278, 279, 280, 283, 286, 287, 288, 291, 292, 295, 298], "summary": {"covered_lines": 91, "num_statements": 112, "percent_covered": 81.25, "percent_covered_display": "81", "missing_lines": 21, "excluded_lines": 0}, "missing_lines": [29, 30, 31, 57, 58, 59, 77, 78, 79, 104, 105, 106, 132, 137, 139, 237, 241, 293, 300, 301, 302], "excluded_lines": []}, "": {"executed_lines": [1, 2, 3, 4, 5, 6, 13, 16, 17, 19, 22, 33, 65, 83, 114, 149, 172, 182, 221, 246], "summary": {"covered_lines": 19, "num_statements": 19, "percent_covered": 100.0, "percent_covered_display": "100", "missing_lines": 0, "excluded_lines": 0}, "missing_lines": [], "excluded_lines": []}}}, "main.py": {"executed_lines": [2, 8, 9, 10, 11, 12, 13, 14, 15, 17, 18, 19, 20, 28, 29, 30, 31, 32, 33, 34, 35, 36, 39, 40, 45, 46, 47, 48, 53, 54, 55, 58, 59, 60, 61, 64, 65, 70, 71, 73, 74, 76, 93, 100, 130, 135, 147, 168, 187, 247, 248, 347, 349, 350, 352, 354, 359, 367, 368, 371, 375, 379, 390, 391, 393, 394, 395, 396, 397, 398, 401, 402, 404, 405, 406, 407, 408, 411, 412, 414, 415, 418, 419, 420, 421, 424, 425, 427, 428, 429, 430, 431, 432, 435, 436, 438, 439, 440, 441, 444, 445, 450, 451, 453, 454, 455, 456, 457, 458, 459, 462, 463, 465, 466, 467, 468, 471, 472, 474, 475, 478, 479, 480, 483, 484, 486, 487, 488, 489, 490, 493, 494, 496, 497, 500, 501, 502, 505, 506, 508, 509, 510, 511, 512, 513, 514, 515, 518, 519, 521, 523, 524, 525, 526, 529, 532, 541, 544, 545, 547, 549, 550, 551, 552, 553, 554, 555, 556, 557, 565, 566, 568, 569, 591, 592, 754, 755, 818, 819, 877, 878, 912, 913, 915, 921, 940, 1080, 1081, 1083, 1086, 1153, 1218, 1346, 1382, 1419, 1450, 1466, 1513, 1547, 1569, 1658, 1663, 1664, 1689, 1690, 1691, 1738, 1739, 1761, 1762, 1763, 1902, 1903, 1925, 1926, 1957, 1958, 1972, 1973, 1978, 1979, 1989, 1990, 1995, 1996, 2042, 2043, 2060, 2061, 2090], "summary": {"covered_lines": 211, "num_statements": 836, "percent_covered": 25.239234449760765, "percent_covered_display": "25", "missing_lines": 625, "excluded_lines": 4}, "missing_lines": [78, 79, 80, 85, 95, 96, 102, 103, 105, 112, 113, 114, 115, 116, 117, 118, 121, 122, 124, 149, 150, 151, 153, 154, 161, 162, 164, 165, 170, 171, 173, 174, 178, 179, 180, 182, 183, 184, 189, 191, 192, 193, 196, 197, 199, 202, 203, 208, 211, 221, 226, 228, 229, 230, 232, 237, 239, 240, 241, 242, 243, 244, 253, 254, 255, 258, 262, 263, 264, 267, 268, 271, 274, 276, 277, 278, 279, 283, 284, 286, 287, 288, 289, 291, 294, 297, 299, 300, 301, 303, 304, 305, 306, 308, 310, 311, 312, 314, 317, 318, 319, 320, 321, 322, 323, 324, 326, 327, 329, 332, 333, 337, 340, 341, 342, 343, 356, 571, 572, 574, 575, 576, 587, 588, 589, 594, 595, 596, 614, 617, 622, 627, 632, 637, 642, 647, 654, 659, 664, 669, 670, 673, 674, 675, 676, 679, 684, 685, 686, 688, 691, 694, 697, 698, 699, 701, 702, 703, 710, 711, 716, 723, 726, 729, 730, 732, 734, 735, 736, 757, 768, 769, 771, 773, 774, 775, 778, 779, 780, 781, 782, 785, 786, 787, 788, 789, 792, 793, 794, 795, 796, 797, 804, 805, 806, 807, 808, 809, 813, 814, 816, 823, 830, 831, 833, 835, 836, 837, 838, 839, 840, 841, 843, 846, 847, 848, 849, 852, 853, 854, 855, 856, 858, 861, 862, 863, 866, 867, 870, 872, 873, 875, 882, 884, 885, 886, 888, 889, 890, 901, 902, 903, 904, 906, 916, 917, 918, 919, 923, 929, 931, 932, 933, 935, 936, 938, 949, 952, 954, 955, 958, 959, 960, 961, 964, 968, 969, 972, 973, 974, 977, 978, 981, 982, 983, 987, 988, 989, 991, 993, 998, 1005, 1006, 1010, 1011, 1017, 1019, 1020, 1021, 1022, 1025, 1026, 1031, 1034, 1039, 1040, 1042, 1043, 1044, 1046, 1047, 1048, 1049, 1050, 1051, 1052, 1053, 1054, 1055, 1056, 1057, 1058, 1059, 1061, 1064, 1065, 1066, 1067, 1068, 1070, 1071, 1074, 1084, 1090, 1092, 1095, 1096, 1098, 1099, 1101, 1102, 1105, 1106, 1110, 1115, 1149, 1150, 1151, 1157, 1158, 1161, 1164, 1167, 1170, 1171, 1176, 1177, 1187, 1188, 1189, 1192, 1193, 1197, 1199, 1200, 1201, 1203, 1204, 1205, 1206, 1207, 1208, 1209, 1210, 1212, 1215, 1216, 1222, 1223, 1224, 1226, 1227, 1230, 1231, 1232, 1233, 1234, 1235, 1236, 1237, 1238, 1240, 1243, 1244, 1245, 1246, 1247, 1248, 1249, 1250, 1252, 1253, 1254, 1257, 1258, 1259, 1260, 1261, 1262, 1263, 1266, 1267, 1268, 1269, 1270, 1271, 1272, 1273, 1274, 1275, 1276, 1279, 1280, 1281, 1282, 1285, 1286, 1287, 1288, 1290, 1293, 1294, 1301, 1302, 1303, 1304, 1307, 1308, 1311, 1312, 1315, 1316, 1321, 1323, 1348, 1386, 1396, 1397, 1406, 1408, 1409, 1417, 1423, 1452, 1454, 1456, 1457, 1458, 1461, 1462, 1463, 1464, 1468, 1469, 1471, 1472, 1473, 1474, 1475, 1476, 1477, 1478, 1479, 1480, 1481, 1482, 1483, 1485, 1515, 1549, 1550, 1552, 1553, 1554, 1558, 1564, 1565, 1566, 1571, 1574, 1586, 1588, 1589, 1591, 1592, 1593, 1596, 1597, 1598, 1599, 1600, 1601, 1603, 1614, 1615, 1616, 1619, 1620, 1621, 1622, 1623, 1624, 1626, 1637, 1668, 1669, 1670, 1671, 1672, 1673, 1674, 1676, 1693, 1698, 1699, 1700, 1701, 1703, 1705, 1706, 1715, 1716, 1717, 1718, 1720, 1721, 1722, 1723, 1724, 1726, 1727, 1728, 1729, 1730, 1731, 1733, 1735, 1741, 1742, 1743, 1745, 1746, 1753, 1754, 1767, 1768, 1769, 1773, 1774, 1779, 1780, 1782, 1784, 1786, 1789, 1791, 1792, 1793, 1797, 1801, 1805, 1806, 1811, 1846, 1847, 1857, 1859, 1862, 1865, 1866, 1871, 1880, 1883, 1884, 1894, 1896, 1897, 1898, 1899, 1905, 1908, 1909, 1910, 1913, 1922, 1928, 1931, 1933, 1934, 1935, 1937, 1938, 1939, 1941, 1942, 1943, 1944, 1945, 1946, 1948, 1960, 1965, 1975, 1981, 1992, 1998, 1999, 2001, 2003, 2006, 2017, 2018, 2019, 2031, 2038, 2039, 2045, 2046, 2048, 2049, 2050, 2051, 2056, 2057, 2063], "excluded_lines": [2090, 2091, 2093, 2095], "functions": {"WebSocketManager.__init__": {"executed_lines": [74], "summary": {"covered_lines": 1, "num_statements": 1, "percent_covered": 100.0, "percent_covered_display": "100", "missing_lines": 0, "excluded_lines": 0}, "missing_lines": [], "excluded_lines": []}, "WebSocketManager.connect": {"executed_lines": [], "summary": {"covered_lines": 0, "num_statements": 4, "percent_covered": 0.0, "percent_covered_display": "0", "missing_lines": 4, "excluded_lines": 0}, "missing_lines": [78, 79, 80, 85], "excluded_lines": []}, "WebSocketManager.disconnect": {"executed_lines": [], "summary": {"covered_lines": 0, "num_statements": 2, "percent_covered": 0.0, "percent_covered_display": "0", "missing_lines": 2, "excluded_lines": 0}, "missing_lines": [95, 96], "excluded_lines": []}, "WebSocketManager.broadcast_signal": {"executed_lines": [], "summary": {"covered_lines": 0, "num_statements": 13, "percent_covered": 0.0, "percent_covered_display": "0", "missing_lines": 13, "excluded_lines": 0}, "missing_lines": [102, 103, 105, 112, 113, 114, 115, 116, 117, 118, 121, 122, 124], "excluded_lines": []}, "store_analysis_result": {"executed_lines": [], "summary": {"covered_lines": 0, "num_statements": 9, "percent_covered": 0.0, "percent_covered_display": "0", "missing_lines": 9, "excluded_lines": 0}, "missing_lines": [149, 150, 151, 153, 154, 161, 162, 164, 165], "excluded_lines": []}, "get_latest_analysis": {"executed_lines": [], "summary": {"covered_lines": 0, "num_statements": 10, "percent_covered": 0.0, "percent_covered_display": "0", "missing_lines": 10, "excluded_lines": 0}, "missing_lines": [170, 171, 173, 174, 178, 179, 180, 182, 183, 184], "excluded_lines": []}, "periodic_analysis_runner": {"executed_lines": [], "summary": {"covered_lines": 0, "num_statements": 24, "percent_covered": 0.0, "percent_covered_display": "0", "missing_lines": 24, "excluded_lines": 0}, "missing_lines": [189, 191, 192, 193, 196, 197, 199, 202, 203, 208, 211, 221, 226, 228, 229, 230, 232, 237, 239, 240, 241, 242, 243, 244], "excluded_lines": []}, "lifespan": {"executed_lines": [], "summary": {"covered_lines": 0, "num_statements": 54, "percent_covered": 0.0, "percent_covered_display": "0", "missing_lines": 54, "excluded_lines": 0}, "missing_lines": [253, 254, 255, 258, 262, 263, 264, 267, 268, 271, 274, 276, 277, 278, 279, 283, 284, 286, 287, 288, 289, 291, 294, 297, 299, 300, 301, 303, 304, 305, 306, 308, 310, 311, 312, 314, 317, 318, 319, 320, 321, 322, 323, 324, 326, 327, 329, 332, 333, 337, 340, 341, 342, 343], "excluded_lines": []}, "DummyLimiter.limit": {"executed_lines": [352], "summary": {"covered_lines": 1, "num_statements": 1, "percent_covered": 100.0, "percent_covered_display": "100", "missing_lines": 0, "excluded_lines": 0}, "missing_lines": [], "excluded_lines": []}, "TechnicalAnalyzer.prepare_dataframe": {"executed_lines": [], "summary": {"covered_lines": 0, "num_statements": 8, "percent_covered": 0.0, "percent_covered_display": "0", "missing_lines": 8, "excluded_lines": 0}, "missing_lines": [571, 572, 574, 575, 576, 587, 588, 589], "excluded_lines": []}, "TechnicalAnalyzer.calculate_indicators": {"executed_lines": [], "summary": {"covered_lines": 0, "num_statements": 44, "percent_covered": 0.0, "percent_covered_display": "0", "missing_lines": 44, "excluded_lines": 0}, "missing_lines": [594, 595, 596, 614, 617, 622, 627, 632, 637, 642, 647, 654, 659, 664, 669, 670, 673, 674, 675, 676, 679, 684, 685, 686, 688, 691, 694, 697, 698, 699, 701, 702, 703, 710, 711, 716, 723, 726, 729, 730, 732, 734, 735, 736], "excluded_lines": []}, "TechnicalAnalyzer.detect_patterns": {"executed_lines": [], "summary": {"covered_lines": 0, "num_statements": 32, "percent_covered": 0.0, "percent_covered_display": "0", "missing_lines": 32, "excluded_lines": 0}, "missing_lines": [757, 768, 769, 771, 773, 774, 775, 778, 779, 780, 781, 782, 785, 786, 787, 788, 789, 792, 793, 794, 795, 796, 797, 804, 805, 806, 807, 808, 809, 813, 814, 816], "excluded_lines": []}, "TechnicalAnalyzer.get_market_context": {"executed_lines": [], "summary": {"covered_lines": 0, "num_statements": 31, "percent_covered": 0.0, "percent_covered_display": "0", "missing_lines": 31, "excluded_lines": 0}, "missing_lines": [823, 830, 831, 833, 835, 836, 837, 838, 839, 840, 841, 843, 846, 847, 848, 849, 852, 853, 854, 855, 856, 858, 861, 862, 863, 866, 867, 870, 872, 873, 875], "excluded_lines": []}, "TechnicalAnalyzer.candles_to_dataframe": {"executed_lines": [], "summary": {"covered_lines": 0, "num_statements": 12, "percent_covered": 0.0, "percent_covered_display": "0", "missing_lines": 12, "excluded_lines": 0}, "missing_lines": [882, 884, 885, 886, 888, 889, 890, 901, 902, 903, 904, 906], "excluded_lines": []}, "DirectOpenAIClient.__init__": {"executed_lines": [], "summary": {"covered_lines": 0, "num_statements": 4, "percent_covered": 0.0, "percent_covered_display": "0", "missing_lines": 4, "excluded_lines": 0}, "missing_lines": [916, 917, 918, 919], "excluded_lines": []}, "DirectOpenAIClient.get_current_api_key": {"executed_lines": [], "summary": {"covered_lines": 0, "num_statements": 8, "percent_covered": 0.0, "percent_covered_display": "0", "missing_lines": 8, "excluded_lines": 0}, "missing_lines": [923, 929, 931, 932, 933, 935, 936, 938], "excluded_lines": []}, "DirectOpenAIClient.chat_completions_create": {"executed_lines": [], "summary": {"covered_lines": 0, "num_statements": 66, "percent_covered": 0.0, "percent_covered_display": "0", "missing_lines": 66, "excluded_lines": 0}, "missing_lines": [949, 952, 954, 955, 958, 959, 960, 961, 964, 968, 969, 972, 973, 974, 977, 978, 981, 982, 983, 987, 988, 989, 991, 993, 998, 1005, 1006, 1010, 1011, 1017, 1019, 1020, 1021, 1022, 1025, 1026, 1031, 1034, 1039, 1040, 1042, 1043, 1044, 1046, 1047, 1048, 1049, 1050, 1051, 1052, 1053, 1054, 1055, 1056, 1057, 1058, 1059, 1061, 1064, 1065, 1066, 1067, 1068, 1070, 1071, 1074], "excluded_lines": []}, "GPTTradingAnalyzer.__init__": {"executed_lines": [], "summary": {"covered_lines": 0, "num_statements": 1, "percent_covered": 0.0, "percent_covered_display": "0", "missing_lines": 1, "excluded_lines": 0}, "missing_lines": [1084], "excluded_lines": []}, "GPTTradingAnalyzer.analyze_trading_signals": {"executed_lines": [], "summary": {"covered_lines": 0, "num_statements": 15, "percent_covered": 0.0, "percent_covered_display": "0", "missing_lines": 15, "excluded_lines": 0}, "missing_lines": [1090, 1092, 1095, 1096, 1098, 1099, 1101, 1102, 1105, 1106, 1110, 1115, 1149, 1150, 1151], "excluded_lines": []}, "GPTTradingAnalyzer._gpt_analysis": {"executed_lines": [], "summary": {"covered_lines": 0, "num_statements": 29, "percent_covered": 0.0, "percent_covered_display": "0", "missing_lines": 29, "excluded_lines": 0}, "missing_lines": [1157, 1158, 1161, 1164, 1167, 1170, 1171, 1176, 1177, 1187, 1188, 1189, 1192, 1193, 1197, 1199, 1200, 1201, 1203, 1204, 1205, 1206, 1207, 1208, 1209, 1210, 1212, 1215, 1216], "excluded_lines": []}, "GPTTradingAnalyzer._fallback_analysis": {"executed_lines": [], "summary": {"covered_lines": 0, "num_statements": 67, "percent_covered": 0.0, "percent_covered_display": "0", "missing_lines": 67, "excluded_lines": 0}, "missing_lines": [1222, 1223, 1224, 1226, 1227, 1230, 1231, 1232, 1233, 1234, 1235, 1236, 1237, 1238, 1240, 1243, 1244, 1245, 1246, 1247, 1248, 1249, 1250, 1252, 1253, 1254, 1257, 1258, 1259, 1260, 1261, 1262, 1263, 1266, 1267, 1268, 1269, 1270, 1271, 1272, 1273, 1274, 1275, 1276, 1279, 1280, 1281, 1282, 1285, 1286, 1287, 1288, 1290, 1293, 1294, 1301, 1302, 1303, 1304, 1307, 1308, 1311, 1312, 1315, 1316, 1321, 1323], "excluded_lines": []}, "GPTTradingAnalyzer._get_system_prompt": {"executed_lines": [], "summary": {"covered_lines": 0, "num_statements": 1, "percent_covered": 0.0, "percent_covered_display": "0", "missing_lines": 1, "excluded_lines": 0}, "missing_lines": [1348], "excluded_lines": []}, "GPTTradingAnalyzer._prepare_market_context": {"executed_lines": [], "summary": {"covered_lines": 0, "num_statements": 7, "percent_covered": 0.0, "percent_covered_display": "0", "missing_lines": 7, "excluded_lines": 0}, "missing_lines": [1386, 1396, 1397, 1406, 1408, 1409, 1417], "excluded_lines": []}, "GPTTradingAnalyzer._create_analysis_prompt": {"executed_lines": [], "summary": {"covered_lines": 0, "num_statements": 1, "percent_covered": 0.0, "percent_covered_display": "0", "missing_lines": 1, "excluded_lines": 0}, "missing_lines": [1423], "excluded_lines": []}, "GPTTradingAnalyzer._parse_gpt_response": {"executed_lines": [], "summary": {"covered_lines": 0, "num_statements": 9, "percent_covered": 0.0, "percent_covered_display": "0", "missing_lines": 9, "excluded_lines": 0}, "missing_lines": [1452, 1454, 1456, 1457, 1458, 1461, 1462, 1463, 1464], "excluded_lines": []}, "GPTTradingAnalyzer._fallback_parse": {"executed_lines": [], "summary": {"covered_lines": 0, "num_statements": 16, "percent_covered": 0.0, "percent_covered_display": "0", "missing_lines": 16, "excluded_lines": 0}, "missing_lines": [1468, 1469, 1471, 1472, 1473, 1474, 1475, 1476, 1477, 1478, 1479, 1480, 1481, 1482, 1483, 1485], "excluded_lines": []}, "GPTTradingAnalyzer._default_response": {"executed_lines": [], "summary": {"covered_lines": 0, "num_statements": 1, "percent_covered": 0.0, "percent_covered_display": "0", "missing_lines": 1, "excluded_lines": 0}, "missing_lines": [1515], "excluded_lines": []}, "get_analysis_statistics": {"executed_lines": [], "summary": {"covered_lines": 0, "num_statements": 9, "percent_covered": 0.0, "percent_covered_display": "0", "missing_lines": 9, "excluded_lines": 0}, "missing_lines": [1549, 1550, 1552, 1553, 1554, 1558, 1564, 1565, 1566], "excluded_lines": []}, "generate_dummy_market_data": {"executed_lines": [], "summary": {"covered_lines": 0, "num_statements": 26, "percent_covered": 0.0, "percent_covered_display": "0", "missing_lines": 26, "excluded_lines": 0}, "missing_lines": [1571, 1574, 1586, 1588, 1589, 1591, 1592, 1593, 1596, 1597, 1598, 1599, 1600, 1601, 1603, 1614, 1615, 1616, 1619, 1620, 1621, 1622, 1623, 1624, 1626, 1637], "excluded_lines": []}, "health_check": {"executed_lines": [], "summary": {"covered_lines": 0, "num_statements": 8, "percent_covered": 0.0, "percent_covered_display": "0", "missing_lines": 8, "excluded_lines": 0}, "missing_lines": [1668, 1669, 1670, 1671, 1672, 1673, 1674, 1676], "excluded_lines": []}, "debug_gpt4": {"executed_lines": [], "summary": {"covered_lines": 0, "num_statements": 25, "percent_covered": 0.0, "percent_covered_display": "0", "missing_lines": 25, "excluded_lines": 0}, "missing_lines": [1693, 1698, 1699, 1700, 1701, 1703, 1705, 1706, 1715, 1716, 1717, 1718, 1720, 1721, 1722, 1723, 1724, 1726, 1727, 1728, 1729, 1730, 1731, 1733, 1735], "excluded_lines": []}, "websocket_endpoint": {"executed_lines": [], "summary": {"covered_lines": 0, "num_statements": 7, "percent_covered": 0.0, "percent_covered_display": "0", "missing_lines": 7, "excluded_lines": 0}, "missing_lines": [1741, 1742, 1743, 1745, 1746, 1753, 1754], "excluded_lines": []}, "analyze_trading_signals": {"executed_lines": [], "summary": {"covered_lines": 0, "num_statements": 35, "percent_covered": 0.0, "percent_covered_display": "0", "missing_lines": 35, "excluded_lines": 0}, "missing_lines": [1767, 1768, 1769, 1773, 1774, 1779, 1780, 1782, 1784, 1786, 1789, 1791, 1792, 1793, 1797, 1801, 1805, 1806, 1811, 1846, 1847, 1857, 1859, 1862, 1865, 1866, 1871, 1880, 1883, 1884, 1894, 1896, 1897, 1898, 1899], "excluded_lines": []}, "get_strategy_recommendations": {"executed_lines": [], "summary": {"covered_lines": 0, "num_statements": 6, "percent_covered": 0.0, "percent_covered_display": "0", "missing_lines": 6, "excluded_lines": 0}, "missing_lines": [1905, 1908, 1909, 1910, 1913, 1922], "excluded_lines": []}, "analyze_market_condition": {"executed_lines": [], "summary": {"covered_lines": 0, "num_statements": 15, "percent_covered": 0.0, "percent_covered_display": "0", "missing_lines": 15, "excluded_lines": 0}, "missing_lines": [1928, 1931, 1933, 1934, 1935, 1937, 1938, 1939, 1941, 1942, 1943, 1944, 1945, 1946, 1948], "excluded_lines": []}, "send_performance_feedback": {"executed_lines": [], "summary": {"covered_lines": 0, "num_statements": 2, "percent_covered": 0.0, "percent_covered_display": "0", "missing_lines": 2, "excluded_lines": 0}, "missing_lines": [1960, 1965], "excluded_lines": []}, "get_service_info": {"executed_lines": [], "summary": {"covered_lines": 0, "num_statements": 1, "percent_covered": 0.0, "percent_covered_display": "0", "missing_lines": 1, "excluded_lines": 0}, "missing_lines": [1975], "excluded_lines": []}, "get_supported_strategies": {"executed_lines": [], "summary": {"covered_lines": 0, "num_statements": 1, "percent_covered": 0.0, "percent_covered_display": "0", "missing_lines": 1, "excluded_lines": 0}, "missing_lines": [1981], "excluded_lines": []}, "get_model_performance": {"executed_lines": [], "summary": {"covered_lines": 0, "num_statements": 1, "percent_covered": 0.0, "percent_covered_display": "0", "missing_lines": 1, "excluded_lines": 0}, "missing_lines": [1992], "excluded_lines": []}, "get_storage_statistics": {"executed_lines": [], "summary": {"covered_lines": 0, "num_statements": 11, "percent_covered": 0.0, "percent_covered_display": "0", "missing_lines": 11, "excluded_lines": 0}, "missing_lines": [1998, 1999, 2001, 2003, 2006, 2017, 2018, 2019, 2031, 2038, 2039], "excluded_lines": []}, "clear_storage": {"executed_lines": [], "summary": {"covered_lines": 0, "num_statements": 8, "percent_covered": 0.0, "percent_covered_display": "0", "missing_lines": 8, "excluded_lines": 0}, "missing_lines": [2045, 2046, 2048, 2049, 2050, 2051, 2056, 2057], "excluded_lines": []}, "root": {"executed_lines": [], "summary": {"covered_lines": 0, "num_statements": 1, "percent_covered": 0.0, "percent_covered_display": "0", "missing_lines": 1, "excluded_lines": 0}, "missing_lines": [2063], "excluded_lines": []}, "": {"executed_lines": [2, 8, 9, 10, 11, 12, 13, 14, 15, 17, 18, 19, 20, 28, 29, 30, 31, 32, 33, 34, 35, 36, 39, 40, 45, 46, 47, 48, 53, 54, 55, 58, 59, 60, 61, 64, 65, 70, 71, 73, 76, 93, 100, 130, 135, 147, 168, 187, 247, 248, 347, 349, 350, 354, 359, 367, 368, 371, 375, 379, 390, 391, 393, 394, 395, 396, 397, 398, 401, 402, 404, 405, 406, 407, 408, 411, 412, 414, 415, 418, 419, 420, 421, 424, 425, 427, 428, 429, 430, 431, 432, 435, 436, 438, 439, 440, 441, 444, 445, 450, 451, 453, 454, 455, 456, 457, 458, 459, 462, 463, 465, 466, 467, 468, 471, 472, 474, 475, 478, 479, 480, 483, 484, 486, 487, 488, 489, 490, 493, 494, 496, 497, 500, 501, 502, 505, 506, 508, 509, 510, 511, 512, 513, 514, 515, 518, 519, 521, 523, 524, 525, 526, 529, 532, 541, 544, 545, 547, 549, 550, 551, 552, 553, 554, 555, 556, 557, 565, 566, 568, 569, 591, 592, 754, 755, 818, 819, 877, 878, 912, 913, 915, 921, 940, 1080, 1081, 1083, 1086, 1153, 1218, 1346, 1382, 1419, 1450, 1466, 1513, 1547, 1569, 1658, 1663, 1664, 1689, 1690, 1691, 1738, 1739, 1761, 1762, 1763, 1902, 1903, 1925, 1926, 1957, 1958, 1972, 1973, 1978, 1979, 1989, 1990, 1995, 1996, 2042, 2043, 2060, 2061, 2090], "summary": {"covered_lines": 209, "num_statements": 210, "percent_covered": 99.52380952380952, "percent_covered_display": "99", "missing_lines": 1, "excluded_lines": 4}, "missing_lines": [356], "excluded_lines": [2090, 2091, 2093, 2095]}}, "classes": {"WebSocketManager": {"executed_lines": [74], "summary": {"covered_lines": 1, "num_statements": 20, "percent_covered": 5.0, "percent_covered_display": "5", "missing_lines": 19, "excluded_lines": 0}, "missing_lines": [78, 79, 80, 85, 95, 96, 102, 103, 105, 112, 113, 114, 115, 116, 117, 118, 121, 122, 124], "excluded_lines": []}, "DummyLimiter": {"executed_lines": [352], "summary": {"covered_lines": 1, "num_statements": 1, "percent_covered": 100.0, "percent_covered_display": "100", "missing_lines": 0, "excluded_lines": 0}, "missing_lines": [], "excluded_lines": []}, "CandleData": {"executed_lines": [], "summary": {"covered_lines": 0, "num_statements": 0, "percent_covered": 100.0, "percent_covered_display": "100", "missing_lines": 0, "excluded_lines": 0}, "missing_lines": [], "excluded_lines": []}, "AIStrategyContext": {"executed_lines": [], "summary": {"covered_lines": 0, "num_statements": 0, "percent_covered": 100.0, "percent_covered_display": "100", "missing_lines": 0, "excluded_lines": 0}, "missing_lines": [], "excluded_lines": []}, "AIAnalysisRequest": {"executed_lines": [], "summary": {"covered_lines": 0, "num_statements": 0, "percent_covered": 100.0, "percent_covered_display": "100", "missing_lines": 0, "excluded_lines": 0}, "missing_lines": [], "excluded_lines": []}, "AIMarketAnalysis": {"executed_lines": [], "summary": {"covered_lines": 0, "num_statements": 0, "percent_covered": 100.0, "percent_covered_display": "100", "missing_lines": 0, "excluded_lines": 0}, "missing_lines": [], "excluded_lines": []}, "AIRiskAssessment": {"executed_lines": [], "summary": {"covered_lines": 0, "num_statements": 0, "percent_covered": 100.0, "percent_covered_display": "100", "missing_lines": 0, "excluded_lines": 0}, "missing_lines": [], "excluded_lines": []}, "AISignalResponse": {"executed_lines": [], "summary": {"covered_lines": 0, "num_statements": 0, "percent_covered": 100.0, "percent_covered_display": "100", "missing_lines": 0, "excluded_lines": 0}, "missing_lines": [], "excluded_lines": []}, "StrategyRecommendation": {"executed_lines": [], "summary": {"covered_lines": 0, "num_statements": 0, "percent_covered": 100.0, "percent_covered_display": "100", "missing_lines": 0, "excluded_lines": 0}, "missing_lines": [], "excluded_lines": []}, "StrategyRecommendationRequest": {"executed_lines": [], "summary": {"covered_lines": 0, "num_statements": 0, "percent_covered": 100.0, "percent_covered_display": "100", "missing_lines": 0, "excluded_lines": 0}, "missing_lines": [], "excluded_lines": []}, "MarketConditionAnalysis": {"executed_lines": [], "summary": {"covered_lines": 0, "num_statements": 0, "percent_covered": 100.0, "percent_covered_display": "100", "missing_lines": 0, "excluded_lines": 0}, "missing_lines": [], "excluded_lines": []}, "MarketConditionRequest": {"executed_lines": [], "summary": {"covered_lines": 0, "num_statements": 0, "percent_covered": 100.0, "percent_covered_display": "100", "missing_lines": 0, "excluded_lines": 0}, "missing_lines": [], "excluded_lines": []}, "PerformanceFeedback": {"executed_lines": [], "summary": {"covered_lines": 0, "num_statements": 0, "percent_covered": 100.0, "percent_covered_display": "100", "missing_lines": 0, "excluded_lines": 0}, "missing_lines": [], "excluded_lines": []}, "AIServiceInfo": {"executed_lines": [], "summary": {"covered_lines": 0, "num_statements": 0, "percent_covered": 100.0, "percent_covered_display": "100", "missing_lines": 0, "excluded_lines": 0}, "missing_lines": [], "excluded_lines": []}, "AIModelPerformance": {"executed_lines": [], "summary": {"covered_lines": 0, "num_statements": 0, "percent_covered": 100.0, "percent_covered_display": "100", "missing_lines": 0, "excluded_lines": 0}, "missing_lines": [], "excluded_lines": []}, "TechnicalAnalyzer": {"executed_lines": [], "summary": {"covered_lines": 0, "num_statements": 127, "percent_covered": 0.0, "percent_covered_display": "0", "missing_lines": 127, "excluded_lines": 0}, "missing_lines": [571, 572, 574, 575, 576, 587, 588, 589, 594, 595, 596, 614, 617, 622, 627, 632, 637, 642, 647, 654, 659, 664, 669, 670, 673, 674, 675, 676, 679, 684, 685, 686, 688, 691, 694, 697, 698, 699, 701, 702, 703, 710, 711, 716, 723, 726, 729, 730, 732, 734, 735, 736, 757, 768, 769, 771, 773, 774, 775, 778, 779, 780, 781, 782, 785, 786, 787, 788, 789, 792, 793, 794, 795, 796, 797, 804, 805, 806, 807, 808, 809, 813, 814, 816, 823, 830, 831, 833, 835, 836, 837, 838, 839, 840, 841, 843, 846, 847, 848, 849, 852, 853, 854, 855, 856, 858, 861, 862, 863, 866, 867, 870, 872, 873, 875, 882, 884, 885, 886, 888, 889, 890, 901, 902, 903, 904, 906], "excluded_lines": []}, "DirectOpenAIClient": {"executed_lines": [], "summary": {"covered_lines": 0, "num_statements": 78, "percent_covered": 0.0, "percent_covered_display": "0", "missing_lines": 78, "excluded_lines": 0}, "missing_lines": [916, 917, 918, 919, 923, 929, 931, 932, 933, 935, 936, 938, 949, 952, 954, 955, 958, 959, 960, 961, 964, 968, 969, 972, 973, 974, 977, 978, 981, 982, 983, 987, 988, 989, 991, 993, 998, 1005, 1006, 1010, 1011, 1017, 1019, 1020, 1021, 1022, 1025, 1026, 1031, 1034, 1039, 1040, 1042, 1043, 1044, 1046, 1047, 1048, 1049, 1050, 1051, 1052, 1053, 1054, 1055, 1056, 1057, 1058, 1059, 1061, 1064, 1065, 1066, 1067, 1068, 1070, 1071, 1074], "excluded_lines": []}, "GPTTradingAnalyzer": {"executed_lines": [], "summary": {"covered_lines": 0, "num_statements": 147, "percent_covered": 0.0, "percent_covered_display": "0", "missing_lines": 147, "excluded_lines": 0}, "missing_lines": [1084, 1090, 1092, 1095, 1096, 1098, 1099, 1101, 1102, 1105, 1106, 1110, 1115, 1149, 1150, 1151, 1157, 1158, 1161, 1164, 1167, 1170, 1171, 1176, 1177, 1187, 1188, 1189, 1192, 1193, 1197, 1199, 1200, 1201, 1203, 1204, 1205, 1206, 1207, 1208, 1209, 1210, 1212, 1215, 1216, 1222, 1223, 1224, 1226, 1227, 1230, 1231, 1232, 1233, 1234, 1235, 1236, 1237, 1238, 1240, 1243, 1244, 1245, 1246, 1247, 1248, 1249, 1250, 1252, 1253, 1254, 1257, 1258, 1259, 1260, 1261, 1262, 1263, 1266, 1267, 1268, 1269, 1270, 1271, 1272, 1273, 1274, 1275, 1276, 1279, 1280, 1281, 1282, 1285, 1286, 1287, 1288, 1290, 1293, 1294, 1301, 1302, 1303, 1304, 1307, 1308, 1311, 1312, 1315, 1316, 1321, 1323, 1348, 1386, 1396, 1397, 1406, 1408, 1409, 1417, 1423, 1452, 1454, 1456, 1457, 1458, 1461, 1462, 1463, 1464, 1468, 1469, 1471, 1472, 1473, 1474, 1475, 1476, 1477, 1478, 1479, 1480, 1481, 1482, 1483, 1485, 1515], "excluded_lines": []}, "": {"executed_lines": [2, 8, 9, 10, 11, 12, 13, 14, 15, 17, 18, 19, 20, 28, 29, 30, 31, 32, 33, 34, 35, 36, 39, 40, 45, 46, 47, 48, 53, 54, 55, 58, 59, 60, 61, 64, 65, 70, 71, 73, 76, 93, 100, 130, 135, 147, 168, 187, 247, 248, 347, 349, 350, 354, 359, 367, 368, 371, 375, 379, 390, 391, 393, 394, 395, 396, 397, 398, 401, 402, 404, 405, 406, 407, 408, 411, 412, 414, 415, 418, 419, 420, 421, 424, 425, 427, 428, 429, 430, 431, 432, 435, 436, 438, 439, 440, 441, 444, 445, 450, 451, 453, 454, 455, 456, 457, 458, 459, 462, 463, 465, 466, 467, 468, 471, 472, 474, 475, 478, 479, 480, 483, 484, 486, 487, 488, 489, 490, 493, 494, 496, 497, 500, 501, 502, 505, 506, 508, 509, 510, 511, 512, 513, 514, 515, 518, 519, 521, 523, 524, 525, 526, 529, 532, 541, 544, 545, 547, 549, 550, 551, 552, 553, 554, 555, 556, 557, 565, 566, 568, 569, 591, 592, 754, 755, 818, 819, 877, 878, 912, 913, 915, 921, 940, 1080, 1081, 1083, 1086, 1153, 1218, 1346, 1382, 1419, 1450, 1466, 1513, 1547, 1569, 1658, 1663, 1664, 1689, 1690, 1691, 1738, 1739, 1761, 1762, 1763, 1902, 1903, 1925, 1926, 1957, 1958, 1972, 1973, 1978, 1979, 1989, 1990, 1995, 1996, 2042, 2043, 2060, 2061, 2090], "summary": {"covered_lines": 209, "num_statements": 463, "percent_covered": 45.14038876889849, "percent_covered_display": "45", "missing_lines": 254, "excluded_lines": 4}, "missing_lines": [149, 150, 151, 153, 154, 161, 162, 164, 165, 170, 171, 173, 174, 178, 179, 180, 182, 183, 184, 189, 191, 192, 193, 196, 197, 199, 202, 203, 208, 211, 221, 226, 228, 229, 230, 232, 237, 239, 240, 241, 242, 243, 244, 253, 254, 255, 258, 262, 263, 264, 267, 268, 271, 274, 276, 277, 278, 279, 283, 284, 286, 287, 288, 289, 291, 294, 297, 299, 300, 301, 303, 304, 305, 306, 308, 310, 311, 312, 314, 317, 318, 319, 320, 321, 322, 323, 324, 326, 327, 329, 332, 333, 337, 340, 341, 342, 343, 356, 1549, 1550, 1552, 1553, 1554, 1558, 1564, 1565, 1566, 1571, 1574, 1586, 1588, 1589, 1591, 1592, 1593, 1596, 1597, 1598, 1599, 1600, 1601, 1603, 1614, 1615, 1616, 1619, 1620, 1621, 1622, 1623, 1624, 1626, 1637, 1668, 1669, 1670, 1671, 1672, 1673, 1674, 1676, 1693, 1698, 1699, 1700, 1701, 1703, 1705, 1706, 1715, 1716, 1717, 1718, 1720, 1721, 1722, 1723, 1724, 1726, 1727, 1728, 1729, 1730, 1731, 1733, 1735, 1741, 1742, 1743, 1745, 1746, 1753, 1754, 1767, 1768, 1769, 1773, 1774, 1779, 1780, 1782, 1784, 1786, 1789, 1791, 1792, 1793, 1797, 1801, 1805, 1806, 1811, 1846, 1847, 1857, 1859, 1862, 1865, 1866, 1871, 1880, 1883, 1884, 1894, 1896, 1897, 1898, 1899, 1905, 1908, 1909, 1910, 1913, 1922, 1928, 1931, 1933, 1934, 1935, 1937, 1938, 1939, 1941, 1942, 1943, 1944, 1945, 1946, 1948, 1960, 1965, 1975, 1981, 1992, 1998, 1999, 2001, 2003, 2006, 2017, 2018, 2019, 2031, 2038, 2039, 2045, 2046, 2048, 2049, 2050, 2051, 2056, 2057, 2063], "excluded_lines": [2090, 2091, 2093, 2095]}}}, "models/__init__.py": {"executed_lines": [1, 2, 3, 4, 6], "summary": {"covered_lines": 5, "num_statements": 5, "percent_covered": 100.0, "percent_covered_display": "100", "missing_lines": 0, "excluded_lines": 0}, "missing_lines": [], "excluded_lines": [], "functions": {"": {"executed_lines": [1, 2, 3, 4, 6], "summary": {"covered_lines": 5, "num_statements": 5, "percent_covered": 100.0, "percent_covered_display": "100", "missing_lines": 0, "excluded_lines": 0}, "missing_lines": [], "excluded_lines": []}}, "classes": {"": {"executed_lines": [1, 2, 3, 4, 6], "summary": {"covered_lines": 5, "num_statements": 5, "percent_covered": 100.0, "percent_covered_display": "100", "missing_lines": 0, "excluded_lines": 0}, "missing_lines": [], "excluded_lines": []}}}, "models/gru_model.py": {"executed_lines": [1, 2, 3, 4, 5, 6, 7, 8, 9, 16, 19, 20, 22, 27, 85, 168, 183, 196, 214, 229, 240, 260], "summary": {"covered_lines": 21, "num_statements": 116, "percent_covered": 18.103448275862068, "percent_covered_display": "18", "missing_lines": 95, "excluded_lines": 0}, "missing_lines": [23, 24, 25, 29, 30, 32, 69, 75, 76, 78, 79, 81, 82, 83, 94, 95, 96, 99, 102, 108, 111, 118, 121, 122, 128, 131, 133, 137, 148, 149, 151, 161, 162, 164, 165, 166, 170, 171, 172, 174, 175, 177, 179, 180, 181, 185, 186, 187, 189, 190, 192, 193, 194, 198, 199, 200, 202, 203, 205, 206, 208, 210, 211, 212, 216, 217, 218, 219, 221, 222, 223, 225, 226, 227, 231, 232, 233, 234, 236, 237, 238, 242, 243, 245, 246, 249, 250, 252, 253, 254, 256, 258, 262, 263, 265], "excluded_lines": [], "functions": {"GRUModel.__init__": {"executed_lines": [], "summary": {"covered_lines": 0, "num_statements": 3, "percent_covered": 0.0, "percent_covered_display": "0", "missing_lines": 3, "excluded_lines": 0}, "missing_lines": [23, 24, 25], "excluded_lines": []}, "GRUModel.build_model": {"executed_lines": [], "summary": {"covered_lines": 0, "num_statements": 11, "percent_covered": 0.0, "percent_covered_display": "0", "missing_lines": 11, "excluded_lines": 0}, "missing_lines": [29, 30, 32, 69, 75, 76, 78, 79, 81, 82, 83], "excluded_lines": []}, "GRUModel.train": {"executed_lines": [], "summary": {"covered_lines": 0, "num_statements": 22, "percent_covered": 0.0, "percent_covered_display": "0", "missing_lines": 22, "excluded_lines": 0}, "missing_lines": [94, 95, 96, 99, 102, 108, 111, 118, 121, 122, 128, 131, 133, 137, 148, 149, 151, 161, 162, 164, 165, 166], "excluded_lines": []}, "GRUModel.predict": {"executed_lines": [], "summary": {"covered_lines": 0, "num_statements": 9, "percent_covered": 0.0, "percent_covered_display": "0", "missing_lines": 9, "excluded_lines": 0}, "missing_lines": [170, 171, 172, 174, 175, 177, 179, 180, 181], "excluded_lines": []}, "GRUModel.predict_single": {"executed_lines": [], "summary": {"covered_lines": 0, "num_statements": 8, "percent_covered": 0.0, "percent_covered_display": "0", "missing_lines": 8, "excluded_lines": 0}, "missing_lines": [185, 186, 187, 189, 190, 192, 193, 194], "excluded_lines": []}, "GRUModel.evaluate": {"executed_lines": [], "summary": {"covered_lines": 0, "num_statements": 11, "percent_covered": 0.0, "percent_covered_display": "0", "missing_lines": 11, "excluded_lines": 0}, "missing_lines": [198, 199, 200, 202, 203, 205, 206, 208, 210, 211, 212], "excluded_lines": []}, "GRUModel.save_model": {"executed_lines": [], "summary": {"covered_lines": 0, "num_statements": 10, "percent_covered": 0.0, "percent_covered_display": "0", "missing_lines": 10, "excluded_lines": 0}, "missing_lines": [216, 217, 218, 219, 221, 222, 223, 225, 226, 227], "excluded_lines": []}, "GRUModel.load_model": {"executed_lines": [], "summary": {"covered_lines": 0, "num_statements": 7, "percent_covered": 0.0, "percent_covered_display": "0", "missing_lines": 7, "excluded_lines": 0}, "missing_lines": [231, 232, 233, 234, 236, 237, 238], "excluded_lines": []}, "GRUModel.get_model_summary": {"executed_lines": [], "summary": {"covered_lines": 0, "num_statements": 11, "percent_covered": 0.0, "percent_covered_display": "0", "missing_lines": 11, "excluded_lines": 0}, "missing_lines": [242, 243, 245, 246, 249, 250, 252, 253, 254, 256, 258], "excluded_lines": []}, "GRUModel.get_training_history": {"executed_lines": [], "summary": {"covered_lines": 0, "num_statements": 3, "percent_covered": 0.0, "percent_covered_display": "0", "missing_lines": 3, "excluded_lines": 0}, "missing_lines": [262, 263, 265], "excluded_lines": []}, "": {"executed_lines": [1, 2, 3, 4, 5, 6, 7, 8, 9, 16, 19, 20, 22, 27, 85, 168, 183, 196, 214, 229, 240, 260], "summary": {"covered_lines": 21, "num_statements": 21, "percent_covered": 100.0, "percent_covered_display": "100", "missing_lines": 0, "excluded_lines": 0}, "missing_lines": [], "excluded_lines": []}}, "classes": {"GRUModel": {"executed_lines": [], "summary": {"covered_lines": 0, "num_statements": 95, "percent_covered": 0.0, "percent_covered_display": "0", "missing_lines": 95, "excluded_lines": 0}, "missing_lines": [23, 24, 25, 29, 30, 32, 69, 75, 76, 78, 79, 81, 82, 83, 94, 95, 96, 99, 102, 108, 111, 118, 121, 122, 128, 131, 133, 137, 148, 149, 151, 161, 162, 164, 165, 166, 170, 171, 172, 174, 175, 177, 179, 180, 181, 185, 186, 187, 189, 190, 192, 193, 194, 198, 199, 200, 202, 203, 205, 206, 208, 210, 211, 212, 216, 217, 218, 219, 221, 222, 223, 225, 226, 227, 231, 232, 233, 234, 236, 237, 238, 242, 243, 245, 246, 249, 250, 252, 253, 254, 256, 258, 262, 263, 265], "excluded_lines": []}, "": {"executed_lines": [1, 2, 3, 4, 5, 6, 7, 8, 9, 16, 19, 20, 22, 27, 85, 168, 183, 196, 214, 229, 240, 260], "summary": {"covered_lines": 21, "num_statements": 21, "percent_covered": 100.0, "percent_covered_display": "100", "missing_lines": 0, "excluded_lines": 0}, "missing_lines": [], "excluded_lines": []}}}, "models/lstm_model.py": {"executed_lines": [1, 2, 3, 4, 5, 6, 7, 8, 9, 16, 19, 20, 22, 27, 87, 170, 185, 198, 216, 231, 242, 262], "summary": {"covered_lines": 21, "num_statements": 116, "percent_covered": 18.103448275862068, "percent_covered_display": "18", "missing_lines": 95, "excluded_lines": 0}, "missing_lines": [23, 24, 25, 29, 30, 32, 69, 75, 78, 80, 81, 83, 84, 85, 96, 97, 98, 101, 104, 110, 113, 120, 123, 124, 130, 133, 135, 139, 150, 151, 153, 163, 164, 166, 167, 168, 172, 173, 174, 176, 177, 179, 181, 182, 183, 187, 188, 189, 191, 192, 194, 195, 196, 200, 201, 202, 204, 205, 207, 208, 210, 212, 213, 214, 218, 219, 220, 221, 223, 224, 225, 227, 228, 229, 233, 234, 235, 236, 238, 239, 240, 244, 245, 247, 248, 251, 252, 254, 255, 256, 258, 260, 264, 265, 267], "excluded_lines": [], "functions": {"LSTMModel.__init__": {"executed_lines": [], "summary": {"covered_lines": 0, "num_statements": 3, "percent_covered": 0.0, "percent_covered_display": "0", "missing_lines": 3, "excluded_lines": 0}, "missing_lines": [23, 24, 25], "excluded_lines": []}, "LSTMModel.build_model": {"executed_lines": [], "summary": {"covered_lines": 0, "num_statements": 11, "percent_covered": 0.0, "percent_covered_display": "0", "missing_lines": 11, "excluded_lines": 0}, "missing_lines": [29, 30, 32, 69, 75, 78, 80, 81, 83, 84, 85], "excluded_lines": []}, "LSTMModel.train": {"executed_lines": [], "summary": {"covered_lines": 0, "num_statements": 22, "percent_covered": 0.0, "percent_covered_display": "0", "missing_lines": 22, "excluded_lines": 0}, "missing_lines": [96, 97, 98, 101, 104, 110, 113, 120, 123, 124, 130, 133, 135, 139, 150, 151, 153, 163, 164, 166, 167, 168], "excluded_lines": []}, "LSTMModel.predict": {"executed_lines": [], "summary": {"covered_lines": 0, "num_statements": 9, "percent_covered": 0.0, "percent_covered_display": "0", "missing_lines": 9, "excluded_lines": 0}, "missing_lines": [172, 173, 174, 176, 177, 179, 181, 182, 183], "excluded_lines": []}, "LSTMModel.predict_single": {"executed_lines": [], "summary": {"covered_lines": 0, "num_statements": 8, "percent_covered": 0.0, "percent_covered_display": "0", "missing_lines": 8, "excluded_lines": 0}, "missing_lines": [187, 188, 189, 191, 192, 194, 195, 196], "excluded_lines": []}, "LSTMModel.evaluate": {"executed_lines": [], "summary": {"covered_lines": 0, "num_statements": 11, "percent_covered": 0.0, "percent_covered_display": "0", "missing_lines": 11, "excluded_lines": 0}, "missing_lines": [200, 201, 202, 204, 205, 207, 208, 210, 212, 213, 214], "excluded_lines": []}, "LSTMModel.save_model": {"executed_lines": [], "summary": {"covered_lines": 0, "num_statements": 10, "percent_covered": 0.0, "percent_covered_display": "0", "missing_lines": 10, "excluded_lines": 0}, "missing_lines": [218, 219, 220, 221, 223, 224, 225, 227, 228, 229], "excluded_lines": []}, "LSTMModel.load_model": {"executed_lines": [], "summary": {"covered_lines": 0, "num_statements": 7, "percent_covered": 0.0, "percent_covered_display": "0", "missing_lines": 7, "excluded_lines": 0}, "missing_lines": [233, 234, 235, 236, 238, 239, 240], "excluded_lines": []}, "LSTMModel.get_model_summary": {"executed_lines": [], "summary": {"covered_lines": 0, "num_statements": 11, "percent_covered": 0.0, "percent_covered_display": "0", "missing_lines": 11, "excluded_lines": 0}, "missing_lines": [244, 245, 247, 248, 251, 252, 254, 255, 256, 258, 260], "excluded_lines": []}, "LSTMModel.get_training_history": {"executed_lines": [], "summary": {"covered_lines": 0, "num_statements": 3, "percent_covered": 0.0, "percent_covered_display": "0", "missing_lines": 3, "excluded_lines": 0}, "missing_lines": [264, 265, 267], "excluded_lines": []}, "": {"executed_lines": [1, 2, 3, 4, 5, 6, 7, 8, 9, 16, 19, 20, 22, 27, 87, 170, 185, 198, 216, 231, 242, 262], "summary": {"covered_lines": 21, "num_statements": 21, "percent_covered": 100.0, "percent_covered_display": "100", "missing_lines": 0, "excluded_lines": 0}, "missing_lines": [], "excluded_lines": []}}, "classes": {"LSTMModel": {"executed_lines": [], "summary": {"covered_lines": 0, "num_statements": 95, "percent_covered": 0.0, "percent_covered_display": "0", "missing_lines": 95, "excluded_lines": 0}, "missing_lines": [23, 24, 25, 29, 30, 32, 69, 75, 78, 80, 81, 83, 84, 85, 96, 97, 98, 101, 104, 110, 113, 120, 123, 124, 130, 133, 135, 139, 150, 151, 153, 163, 164, 166, 167, 168, 172, 173, 174, 176, 177, 179, 181, 182, 183, 187, 188, 189, 191, 192, 194, 195, 196, 200, 201, 202, 204, 205, 207, 208, 210, 212, 213, 214, 218, 219, 220, 221, 223, 224, 225, 227, 228, 229, 233, 234, 235, 236, 238, 239, 240, 244, 245, 247, 248, 251, 252, 254, 255, 256, 258, 260, 264, 265, 267], "excluded_lines": []}, "": {"executed_lines": [1, 2, 3, 4, 5, 6, 7, 8, 9, 16, 19, 20, 22, 27, 87, 170, 185, 198, 216, 231, 242, 262], "summary": {"covered_lines": 21, "num_statements": 21, "percent_covered": 100.0, "percent_covered_display": "100", "missing_lines": 0, "excluded_lines": 0}, "missing_lines": [], "excluded_lines": []}}}, "models/model_manager.py": {"executed_lines": [1, 2, 3, 4, 5, 6, 7, 8, 9, 10, 11, 12, 13, 14, 16, 19, 20, 22, 38, 60, 121, 163, 175, 183, 215, 256, 275, 288, 305, 318, 335, 360, 374], "summary": {"covered_lines": 32, "num_statements": 243, "percent_covered": 13.168724279835391, "percent_covered_display": "13", "missing_lines": 211, "excluded_lines": 0}, "missing_lines": [23, 24, 25, 27, 28, 29, 30, 33, 36, 40, 42, 43, 44, 45, 46, 47, 48, 50, 52, 53, 55, 56, 57, 58, 62, 63, 66, 69, 71, 72, 75, 78, 81, 82, 85, 86, 89, 90, 91, 94, 99, 111, 112, 114, 115, 117, 118, 119, 123, 124, 125, 128, 130, 131, 134, 137, 140, 142, 150, 151, 153, 154, 155, 165, 166, 168, 169, 170, 171, 173, 178, 180, 181, 185, 186, 187, 188, 190, 191, 194, 195, 197, 199, 200, 203, 204, 206, 207, 209, 211, 212, 213, 217, 218, 220, 222, 223, 224, 227, 228, 231, 232, 235, 238, 241, 243, 245, 247, 248, 250, 252, 253, 254, 258, 259, 260, 261, 262, 264, 265, 268, 269, 271, 272, 273, 277, 278, 281, 282, 283, 284, 285, 286, 290, 291, 294, 295, 296, 297, 299, 300, 301, 302, 303, 307, 308, 311, 312, 313, 314, 315, 316, 320, 321, 324, 325, 326, 327, 329, 330, 331, 332, 333, 337, 338, 339, 341, 342, 343, 346, 351, 352, 354, 356, 357, 358, 362, 368, 369, 370, 372, 376, 377, 380, 381, 382, 383, 384, 387, 390, 391, 392, 393, 396, 397, 400, 403, 404, 407, 410, 411, 413, 414, 416, 417, 419, 420, 422, 424, 425, 426], "excluded_lines": [], "functions": {"ModelManager.__init__": {"executed_lines": [], "summary": {"covered_lines": 0, "num_statements": 9, "percent_covered": 0.0, "percent_covered_display": "0", "missing_lines": 9, "excluded_lines": 0}, "missing_lines": [23, 24, 25, 27, 28, 29, 30, 33, 36], "excluded_lines": []}, "ModelManager.create_model": {"executed_lines": [], "summary": {"covered_lines": 0, "num_statements": 15, "percent_covered": 0.0, "percent_covered_display": "0", "missing_lines": 15, "excluded_lines": 0}, "missing_lines": [40, 42, 43, 44, 45, 46, 47, 48, 50, 52, 53, 55, 56, 57, 58], "excluded_lines": []}, "ModelManager.train_model": {"executed_lines": [], "summary": {"covered_lines": 0, "num_statements": 24, "percent_covered": 0.0, "percent_covered_display": "0", "missing_lines": 24, "excluded_lines": 0}, "missing_lines": [62, 63, 66, 69, 71, 72, 75, 78, 81, 82, 85, 86, 89, 90, 91, 94, 99, 111, 112, 114, 115, 117, 118, 119], "excluded_lines": []}, "ModelManager.predict": {"executed_lines": [], "summary": {"covered_lines": 0, "num_statements": 15, "percent_covered": 0.0, "percent_covered_display": "0", "missing_lines": 15, "excluded_lines": 0}, "missing_lines": [123, 124, 125, 128, 130, 131, 134, 137, 140, 142, 150, 151, 153, 154, 155], "excluded_lines": []}, "ModelManager._determine_signal": {"executed_lines": [], "summary": {"covered_lines": 0, "num_statements": 7, "percent_covered": 0.0, "percent_covered_display": "0", "missing_lines": 7, "excluded_lines": 0}, "missing_lines": [165, 166, 168, 169, 170, 171, 173], "excluded_lines": []}, "ModelManager._calculate_confidence": {"executed_lines": [], "summary": {"covered_lines": 0, "num_statements": 3, "percent_covered": 0.0, "percent_covered_display": "0", "missing_lines": 3, "excluded_lines": 0}, "missing_lines": [178, 180, 181], "excluded_lines": []}, "ModelManager.save_model": {"executed_lines": [], "summary": {"covered_lines": 0, "num_statements": 19, "percent_covered": 0.0, "percent_covered_display": "0", "missing_lines": 19, "excluded_lines": 0}, "missing_lines": [185, 186, 187, 188, 190, 191, 194, 195, 197, 199, 200, 203, 204, 206, 207, 209, 211, 212, 213], "excluded_lines": []}, "ModelManager.load_model": {"executed_lines": [], "summary": {"covered_lines": 0, "num_statements": 21, "percent_covered": 0.0, "percent_covered_display": "0", "missing_lines": 21, "excluded_lines": 0}, "missing_lines": [217, 218, 220, 222, 223, 224, 227, 228, 231, 232, 235, 238, 241, 243, 245, 247, 248, 250, 252, 253, 254], "excluded_lines": []}, "ModelManager._find_latest_model": {"executed_lines": [], "summary": {"covered_lines": 0, "num_statements": 12, "percent_covered": 0.0, "percent_covered_display": "0", "missing_lines": 12, "excluded_lines": 0}, "missing_lines": [258, 259, 260, 261, 262, 264, 265, 268, 269, 271, 272, 273], "excluded_lines": []}, "ModelManager._save_feature_engineer": {"executed_lines": [], "summary": {"covered_lines": 0, "num_statements": 8, "percent_covered": 0.0, "percent_covered_display": "0", "missing_lines": 8, "excluded_lines": 0}, "missing_lines": [277, 278, 281, 282, 283, 284, 285, 286], "excluded_lines": []}, "ModelManager._load_feature_engineer": {"executed_lines": [], "summary": {"covered_lines": 0, "num_statements": 11, "percent_covered": 0.0, "percent_covered_display": "0", "missing_lines": 11, "excluded_lines": 0}, "missing_lines": [290, 291, 294, 295, 296, 297, 299, 300, 301, 302, 303], "excluded_lines": []}, "ModelManager._save_metadata": {"executed_lines": [], "summary": {"covered_lines": 0, "num_statements": 8, "percent_covered": 0.0, "percent_covered_display": "0", "missing_lines": 8, "excluded_lines": 0}, "missing_lines": [307, 308, 311, 312, 313, 314, 315, 316], "excluded_lines": []}, "ModelManager._load_metadata": {"executed_lines": [], "summary": {"covered_lines": 0, "num_statements": 11, "percent_covered": 0.0, "percent_covered_display": "0", "missing_lines": 11, "excluded_lines": 0}, "missing_lines": [320, 321, 324, 325, 326, 327, 329, 330, 331, 332, 333], "excluded_lines": []}, "ModelManager.should_retrain": {"executed_lines": [], "summary": {"covered_lines": 0, "num_statements": 13, "percent_covered": 0.0, "percent_covered_display": "0", "missing_lines": 13, "excluded_lines": 0}, "missing_lines": [337, 338, 339, 341, 342, 343, 346, 351, 352, 354, 356, 357, 358], "excluded_lines": []}, "ModelManager.get_model_info": {"executed_lines": [], "summary": {"covered_lines": 0, "num_statements": 5, "percent_covered": 0.0, "percent_covered_display": "0", "missing_lines": 5, "excluded_lines": 0}, "missing_lines": [362, 368, 369, 370, 372], "excluded_lines": []}, "ModelManager.cleanup_old_models": {"executed_lines": [], "summary": {"covered_lines": 0, "num_statements": 30, "percent_covered": 0.0, "percent_covered_display": "0", "missing_lines": 30, "excluded_lines": 0}, "missing_lines": [376, 377, 380, 381, 382, 383, 384, 387, 390, 391, 392, 393, 396, 397, 400, 403, 404, 407, 410, 411, 413, 414, 416, 417, 419, 420, 422, 424, 425, 426], "excluded_lines": []}, "": {"executed_lines": [1, 2, 3, 4, 5, 6, 7, 8, 9, 10, 11, 12, 13, 14, 16, 19, 20, 22, 38, 60, 121, 163, 175, 183, 215, 256, 275, 288, 305, 318, 335, 360, 374], "summary": {"covered_lines": 32, "num_statements": 32, "percent_covered": 100.0, "percent_covered_display": "100", "missing_lines": 0, "excluded_lines": 0}, "missing_lines": [], "excluded_lines": []}}, "classes": {"ModelManager": {"executed_lines": [], "summary": {"covered_lines": 0, "num_statements": 211, "percent_covered": 0.0, "percent_covered_display": "0", "missing_lines": 211, "excluded_lines": 0}, "missing_lines": [23, 24, 25, 27, 28, 29, 30, 33, 36, 40, 42, 43, 44, 45, 46, 47, 48, 50, 52, 53, 55, 56, 57, 58, 62, 63, 66, 69, 71, 72, 75, 78, 81, 82, 85, 86, 89, 90, 91, 94, 99, 111, 112, 114, 115, 117, 118, 119, 123, 124, 125, 128, 130, 131, 134, 137, 140, 142, 150, 151, 153, 154, 155, 165, 166, 168, 169, 170, 171, 173, 178, 180, 181, 185, 186, 187, 188, 190, 191, 194, 195, 197, 199, 200, 203, 204, 206, 207, 209, 211, 212, 213, 217, 218, 220, 222, 223, 224, 227, 228, 231, 232, 235, 238, 241, 243, 245, 247, 248, 250, 252, 253, 254, 258, 259, 260, 261, 262, 264, 265, 268, 269, 271, 272, 273, 277, 278, 281, 282, 283, 284, 285, 286, 290, 291, 294, 295, 296, 297, 299, 300, 301, 302, 303, 307, 308, 311, 312, 313, 314, 315, 316, 320, 321, 324, 325, 326, 327, 329, 330, 331, 332, 333, 337, 338, 339, 341, 342, 343, 346, 351, 352, 354, 356, 357, 358, 362, 368, 369, 370, 372, 376, 377, 380, 381, 382, 383, 384, 387, 390, 391, 392, 393, 396, 397, 400, 403, 404, 407, 410, 411, 413, 414, 416, 417, 419, 420, 422, 424, 425, 426], "excluded_lines": []}, "": {"executed_lines": [1, 2, 3, 4, 5, 6, 7, 8, 9, 10, 11, 12, 13, 14, 16, 19, 20, 22, 38, 60, 121, 163, 175, 183, 215, 256, 275, 288, 305, 318, 335, 360, 374], "summary": {"covered_lines": 32, "num_statements": 32, "percent_covered": 100.0, "percent_covered_display": "100", "missing_lines": 0, "excluded_lines": 0}, "missing_lines": [], "excluded_lines": []}}}, "models/transformer_model.py": {"executed_lines": [1, 2, 3, 4, 17, 18, 19, 20, 21, 23, 26, 27, 29, 34, 53, 114, 197, 212, 225, 243, 258, 269, 289], "summary": {"covered_lines": 22, "num_statements": 144, "percent_covered": 15.277777777777779, "percent_covered_display": "15", "missing_lines": 122, "excluded_lines": 0}, "missing_lines": [30, 31, 32, 37, 40, 41, 42, 45, 46, 47, 48, 49, 51, 55, 56, 59, 62, 63, 64, 65, 66, 69, 72, 73, 78, 81, 82, 83, 85, 86, 87, 90, 93, 96, 102, 105, 107, 108, 110, 111, 112, 123, 124, 125, 128, 131, 137, 140, 147, 150, 151, 157, 160, 162, 166, 177, 178, 180, 190, 191, 193, 194, 195, 199, 200, 201, 203, 204, 206, 208, 209, 210, 214, 215, 216, 218, 219, 221, 222, 223, 227, 228, 229, 231, 232, 234, 235, 237, 239, 240, 241, 245, 246, 247, 248, 250, 251, 252, 254, 255, 256, 260, 261, 262, 263, 265, 266, 267, 271, 272, 274, 275, 278, 279, 281, 282, 283, 285, 287, 291, 292, 294], "excluded_lines": [], "functions": {"TransformerModel.__init__": {"executed_lines": [], "summary": {"covered_lines": 0, "num_statements": 3, "percent_covered": 0.0, "percent_covered_display": "0", "missing_lines": 3, "excluded_lines": 0}, "missing_lines": [30, 31, 32], "excluded_lines": []}, "TransformerModel.transformer_encoder": {"executed_lines": [], "summary": {"covered_lines": 0, "num_statements": 10, "percent_covered": 0.0, "percent_covered_display": "0", "missing_lines": 10, "excluded_lines": 0}, "missing_lines": [37, 40, 41, 42, 45, 46, 47, 48, 49, 51], "excluded_lines": []}, "TransformerModel.build_model": {"executed_lines": [], "summary": {"covered_lines": 0, "num_statements": 28, "percent_covered": 0.0, "percent_covered_display": "0", "missing_lines": 28, "excluded_lines": 0}, "missing_lines": [55, 56, 59, 62, 63, 64, 65, 66, 69, 72, 73, 78, 81, 82, 83, 85, 86, 87, 90, 93, 96, 102, 105, 107, 108, 110, 111, 112], "excluded_lines": []}, "TransformerModel.train": {"executed_lines": [], "summary": {"covered_lines": 0, "num_statements": 22, "percent_covered": 0.0, "percent_covered_display": "0", "missing_lines": 22, "excluded_lines": 0}, "missing_lines": [123, 124, 125, 128, 131, 137, 140, 147, 150, 151, 157, 160, 162, 166, 177, 178, 180, 190, 191, 193, 194, 195], "excluded_lines": []}, "TransformerModel.predict": {"executed_lines": [], "summary": {"covered_lines": 0, "num_statements": 9, "percent_covered": 0.0, "percent_covered_display": "0", "missing_lines": 9, "excluded_lines": 0}, "missing_lines": [199, 200, 201, 203, 204, 206, 208, 209, 210], "excluded_lines": []}, "TransformerModel.predict_single": {"executed_lines": [], "summary": {"covered_lines": 0, "num_statements": 8, "percent_covered": 0.0, "percent_covered_display": "0", "missing_lines": 8, "excluded_lines": 0}, "missing_lines": [214, 215, 216, 218, 219, 221, 222, 223], "excluded_lines": []}, "TransformerModel.evaluate": {"executed_lines": [], "summary": {"covered_lines": 0, "num_statements": 11, "percent_covered": 0.0, "percent_covered_display": "0", "missing_lines": 11, "excluded_lines": 0}, "missing_lines": [227, 228, 229, 231, 232, 234, 235, 237, 239, 240, 241], "excluded_lines": []}, "TransformerModel.save_model": {"executed_lines": [], "summary": {"covered_lines": 0, "num_statements": 10, "percent_covered": 0.0, "percent_covered_display": "0", "missing_lines": 10, "excluded_lines": 0}, "missing_lines": [245, 246, 247, 248, 250, 251, 252, 254, 255, 256], "excluded_lines": []}, "TransformerModel.load_model": {"executed_lines": [], "summary": {"covered_lines": 0, "num_statements": 7, "percent_covered": 0.0, "percent_covered_display": "0", "missing_lines": 7, "excluded_lines": 0}, "missing_lines": [260, 261, 262, 263, 265, 266, 267], "excluded_lines": []}, "TransformerModel.get_model_summary": {"executed_lines": [], "summary": {"covered_lines": 0, "num_statements": 11, "percent_covered": 0.0, "percent_covered_display": "0", "missing_lines": 11, "excluded_lines": 0}, "missing_lines": [271, 272, 274, 275, 278, 279, 281, 282, 283, 285, 287], "excluded_lines": []}, "TransformerModel.get_training_history": {"executed_lines": [], "summary": {"covered_lines": 0, "num_statements": 3, "percent_covered": 0.0, "percent_covered_display": "0", "missing_lines": 3, "excluded_lines": 0}, "missing_lines": [291, 292, 294], "excluded_lines": []}, "": {"executed_lines": [1, 2, 3, 4, 17, 18, 19, 20, 21, 23, 26, 27, 29, 34, 53, 114, 197, 212, 225, 243, 258, 269, 289], "summary": {"covered_lines": 22, "num_statements": 22, "percent_covered": 100.0, "percent_covered_display": "100", "missing_lines": 0, "excluded_lines": 0}, "missing_lines": [], "excluded_lines": []}}, "classes": {"TransformerModel": {"executed_lines": [], "summary": {"covered_lines": 0, "num_statements": 122, "percent_covered": 0.0, "percent_covered_display": "0", "missing_lines": 122, "excluded_lines": 0}, "missing_lines": [30, 31, 32, 37, 40, 41, 42, 45, 46, 47, 48, 49, 51, 55, 56, 59, 62, 63, 64, 65, 66, 69, 72, 73, 78, 81, 82, 83, 85, 86, 87, 90, 93, 96, 102, 105, 107, 108, 110, 111, 112, 123, 124, 125, 128, 131, 137, 140, 147, 150, 151, 157, 160, 162, 166, 177, 178, 180, 190, 191, 193, 194, 195, 199, 200, 201, 203, 204, 206, 208, 209, 210, 214, 215, 216, 218, 219, 221, 222, 223, 227, 228, 229, 231, 232, 234, 235, 237, 239, 240, 241, 245, 246, 247, 248, 250, 251, 252, 254, 255, 256, 260, 261, 262, 263, 265, 266, 267, 271, 272, 274, 275, 278, 279, 281, 282, 283, 285, 287, 291, 292, 294], "excluded_lines": []}, "": {"executed_lines": [1, 2, 3, 4, 17, 18, 19, 20, 21, 23, 26, 27, 29, 34, 53, 114, 197, 212, 225, 243, 258, 269, 289], "summary": {"covered_lines": 22, "num_statements": 22, "percent_covered": 100.0, "percent_covered_display": "100", "missing_lines": 0, "excluded_lines": 0}, "missing_lines": [], "excluded_lines": []}}}, "utils/__init__.py": {"executed_lines": [1, 2, 4], "summary": {"covered_lines": 3, "num_statements": 3, "percent_covered": 100.0, "percent_covered_display": "100", "missing_lines": 0, "excluded_lines": 0}, "missing_lines": [], "excluded_lines": [], "functions": {"": {"executed_lines": [1, 2, 4], "summary": {"covered_lines": 3, "num_statements": 3, "percent_covered": 100.0, "percent_covered_display": "100", "missing_lines": 0, "excluded_lines": 0}, "missing_lines": [], "excluded_lines": []}}, "classes": {"": {"executed_lines": [1, 2, 4], "summary": {"covered_lines": 3, "num_statements": 3, "percent_covered": 100.0, "percent_covered_display": "100", "missing_lines": 0, "excluded_lines": 0}, "missing_lines": [], "excluded_lines": []}}}, "utils/helpers.py": {"executed_lines": [1, 2, 3, 4, 5, 8, 13, 55, 69, 98, 103, 110], "summary": {"covered_lines": 12, "num_statements": 54, "percent_covered": 22.22222222222222, "percent_covered_display": "22", "missing_lines": 42, "excluded_lines": 0}, "missing_lines": [10, 15, 18, 19, 22, 23, 26, 27, 28, 31, 32, 33, 34, 35, 36, 39, 43, 46, 47, 49, 50, 52, 57, 66, 71, 72, 73, 74, 76, 77, 78, 89, 90, 91, 93, 94, 95, 100, 105, 106, 107, 112], "excluded_lines": [], "functions": {"ensure_directory_exists": {"executed_lines": [], "summary": {"covered_lines": 0, "num_statements": 1, "percent_covered": 0.0, "percent_covered_display": "0", "missing_lines": 1, "excluded_lines": 0}, "missing_lines": [10], "excluded_lines": []}, "validate_ohlcv_data": {"executed_lines": [], "summary": {"covered_lines": 0, "num_statements": 21, "percent_covered": 0.0, "percent_covered_display": "0", "missing_lines": 21, "excluded_lines": 0}, "missing_lines": [15, 18, 19, 22, 23, 26, 27, 28, 31, 32, 33, 34, 35, 36, 39, 43, 46, 47, 49, 50, 52], "excluded_lines": []}, "convert_timeframe_to_minutes": {"executed_lines": [], "summary": {"covered_lines": 0, "num_statements": 2, "percent_covered": 0.0, "percent_covered_display": "0", "missing_lines": 2, "excluded_lines": 0}, "missing_lines": [57, 66], "excluded_lines": []}, "create_dataframe_from_ohlcv": {"executed_lines": [], "summary": {"covered_lines": 0, "num_statements": 13, "percent_covered": 0.0, "percent_covered_display": "0", "missing_lines": 13, "excluded_lines": 0}, "missing_lines": [71, 72, 73, 74, 76, 77, 78, 89, 90, 91, 93, 94, 95], "excluded_lines": []}, "get_current_timestamp": {"executed_lines": [], "summary": {"covered_lines": 0, "num_statements": 1, "percent_covered": 0.0, "percent_covered_display": "0", "missing_lines": 1, "excluded_lines": 0}, "missing_lines": [100], "excluded_lines": []}, "calculate_percentage_change": {"executed_lines": [], "summary": {"covered_lines": 0, "num_statements": 3, "percent_covered": 0.0, "percent_covered_display": "0", "missing_lines": 3, "excluded_lines": 0}, "missing_lines": [105, 106, 107], "excluded_lines": []}, "format_confidence_score": {"executed_lines": [], "summary": {"covered_lines": 0, "num_statements": 1, "percent_covered": 0.0, "percent_covered_display": "0", "missing_lines": 1, "excluded_lines": 0}, "missing_lines": [112], "excluded_lines": []}, "": {"executed_lines": [1, 2, 3, 4, 5, 8, 13, 55, 69, 98, 103, 110], "summary": {"covered_lines": 12, "num_statements": 12, "percent_covered": 100.0, "percent_covered_display": "100", "missing_lines": 0, "excluded_lines": 0}, "missing_lines": [], "excluded_lines": []}}, "classes": {"": {"executed_lines": [1, 2, 3, 4, 5, 8, 13, 55, 69, 98, 103, 110], "summary": {"covered_lines": 12, "num_statements": 54, "percent_covered": 22.22222222222222, "percent_covered_display": "22", "missing_lines": 42, "excluded_lines": 0}, "missing_lines": [10, 15, 18, 19, 22, 23, 26, 27, 28, 31, 32, 33, 34, 35, 36, 39, 43, 46, 47, 49, 50, 52, 57, 66, 71, 72, 73, 74, 76, 77, 78, 89, 90, 91, 93, 94, 95, 100, 105, 106, 107, 112], "excluded_lines": []}}}, "utils/logger.py": {"executed_lines": [1, 2, 3, 4, 7, 46, 48, 49], "summary": {"covered_lines": 8, "num_statements": 16, "percent_covered": 50.0, "percent_covered_display": "50", "missing_lines": 8, "excluded_lines": 0}, "missing_lines": [10, 13, 16, 17, 20, 31, 43, 50], "excluded_lines": [], "functions": {"setup_logger": {"executed_lines": [], "summary": {"covered_lines": 0, "num_statements": 7, "percent_covered": 0.0, "percent_covered_display": "0", "missing_lines": 7, "excluded_lines": 0}, "missing_lines": [10, 13, 16, 17, 20, 31, 43], "excluded_lines": []}, "get_logger": {"executed_lines": [48, 49], "summary": {"covered_lines": 2, "num_statements": 3, "percent_covered": 66.66666666666667, "percent_covered_display": "67", "missing_lines": 1, "excluded_lines": 0}, "missing_lines": [50], "excluded_lines": []}, "": {"executed_lines": [1, 2, 3, 4, 7, 46], "summary": {"covered_lines": 6, "num_statements": 6, "percent_covered": 100.0, "percent_covered_display": "100", "missing_lines": 0, "excluded_lines": 0}, "missing_lines": [], "excluded_lines": []}}, "classes": {"": {"executed_lines": [1, 2, 3, 4, 7, 46, 48, 49], "summary": {"covered_lines": 8, "num_statements": 16, "percent_covered": 50.0, "percent_covered_display": "50", "missing_lines": 8, "excluded_lines": 0}, "missing_lines": [10, 13, 16, 17, 20, 31, 43, 50], "excluded_lines": []}}}}, "totals": {"covered_lines": 647, "num_statements": 1892, "percent_covered": 34.19661733615222, "percent_covered_display": "34", "missing_lines": 1245, "excluded_lines": 4}}