
A module that was compiled using NumPy 1.x cannot be run in
NumPy 2.0.2 as it may crash. To support both 1.x and 2.x
versions of NumPy, modules must be compiled with NumPy 2.0.
Some module may need to rebuild instead e.g. with 'pybind11>=2.12'.

If you are a user of the module, the easiest solution will be to
downgrade to 'numpy<2' or try to upgrade the affected module.
We expect that some modules will need time to support NumPy 2.

Traceback (most recent call last):  File "/Users/dungngo97/Documents/bot-core/python-ai-service/verify_versions.py", line 8, in <module>
    import tensorflow as tf
  File "/opt/homebrew/lib/python3.11/site-packages/tensorflow/__init__.py", line 467, in <module>
    importlib.import_module("keras.src.optimizers")
  File "/opt/homebrew/Cellar/python@3.11/3.11.13_1/Frameworks/Python.framework/Versions/3.11/lib/python3.11/importlib/__init__.py", line 126, in import_module
    return _bootstrap._gcd_import(name[level:], package, level)
  File "/opt/homebrew/lib/python3.11/site-packages/keras/__init__.py", line 7, in <module>
    from keras import _tf_keras as _tf_keras
  File "/opt/homebrew/lib/python3.11/site-packages/keras/_tf_keras/__init__.py", line 1, in <module>
    from keras._tf_keras import keras
  File "/opt/homebrew/lib/python3.11/site-packages/keras/_tf_keras/keras/__init__.py", line 7, in <module>
    from keras import activations as activations
  File "/opt/homebrew/lib/python3.11/site-packages/keras/activations/__init__.py", line 7, in <module>
    from keras.src.activations import deserialize as deserialize
  File "/opt/homebrew/lib/python3.11/site-packages/keras/src/__init__.py", line 13, in <module>
    from keras.src import visualization
  File "/opt/homebrew/lib/python3.11/site-packages/keras/src/visualization/__init__.py", line 2, in <module>
    from keras.src.visualization import plot_image_gallery
  File "/opt/homebrew/lib/python3.11/site-packages/keras/src/visualization/plot_image_gallery.py", line 13, in <module>
    import matplotlib.pyplot as plt
  File "/opt/homebrew/lib/python3.11/site-packages/matplotlib/__init__.py", line 129, in <module>
    from . import _api, _version, cbook, _docstring, rcsetup
  File "/opt/homebrew/lib/python3.11/site-packages/matplotlib/rcsetup.py", line 27, in <module>
    from matplotlib.colors import Colormap, is_color_like
  File "/opt/homebrew/lib/python3.11/site-packages/matplotlib/colors.py", line 56, in <module>
    from matplotlib import _api, _cm, cbook, scale
  File "/opt/homebrew/lib/python3.11/site-packages/matplotlib/scale.py", line 22, in <module>
    from matplotlib.ticker import (
  File "/opt/homebrew/lib/python3.11/site-packages/matplotlib/ticker.py", line 138, in <module>
    from matplotlib import transforms as mtransforms
  File "/opt/homebrew/lib/python3.11/site-packages/matplotlib/transforms.py", line 49, in <module>
    from matplotlib._path import (
AttributeError: _ARRAY_API not found

A module that was compiled using NumPy 1.x cannot be run in
NumPy 2.0.2 as it may crash. To support both 1.x and 2.x
versions of NumPy, modules must be compiled with NumPy 2.0.
Some module may need to rebuild instead e.g. with 'pybind11>=2.12'.

If you are a user of the module, the easiest solution will be to
downgrade to 'numpy<2' or try to upgrade the affected module.
We expect that some modules will need time to support NumPy 2.

Traceback (most recent call last):  File "/Users/dungngo97/Documents/bot-core/python-ai-service/verify_versions.py", line 8, in <module>
    import tensorflow as tf
  File "/opt/homebrew/lib/python3.11/site-packages/tensorflow/__init__.py", line 467, in <module>
    importlib.import_module("keras.src.optimizers")
  File "/opt/homebrew/Cellar/python@3.11/3.11.13_1/Frameworks/Python.framework/Versions/3.11/lib/python3.11/importlib/__init__.py", line 126, in import_module
    return _bootstrap._gcd_import(name[level:], package, level)
  File "/opt/homebrew/lib/python3.11/site-packages/keras/__init__.py", line 7, in <module>
    from keras import _tf_keras as _tf_keras
  File "/opt/homebrew/lib/python3.11/site-packages/keras/_tf_keras/__init__.py", line 1, in <module>
    from keras._tf_keras import keras
  File "/opt/homebrew/lib/python3.11/site-packages/keras/_tf_keras/keras/__init__.py", line 27, in <module>
    from keras import visualization as visualization
  File "/opt/homebrew/lib/python3.11/site-packages/keras/visualization/__init__.py", line 13, in <module>
    from keras.src.visualization.plot_bounding_box_gallery import (
  File "/opt/homebrew/lib/python3.11/site-packages/keras/src/visualization/plot_bounding_box_gallery.py", line 12, in <module>
    from matplotlib import patches  # For legend patches
  File "/opt/homebrew/lib/python3.11/site-packages/matplotlib/__init__.py", line 129, in <module>
    from . import _api, _version, cbook, _docstring, rcsetup
  File "/opt/homebrew/lib/python3.11/site-packages/matplotlib/rcsetup.py", line 27, in <module>
    from matplotlib.colors import Colormap, is_color_like
  File "/opt/homebrew/lib/python3.11/site-packages/matplotlib/colors.py", line 56, in <module>
    from matplotlib import _api, _cm, cbook, scale
  File "/opt/homebrew/lib/python3.11/site-packages/matplotlib/scale.py", line 22, in <module>
    from matplotlib.ticker import (
  File "/opt/homebrew/lib/python3.11/site-packages/matplotlib/ticker.py", line 138, in <module>
    from matplotlib import transforms as mtransforms
  File "/opt/homebrew/lib/python3.11/site-packages/matplotlib/transforms.py", line 49, in <module>
    from matplotlib._path import (
AttributeError: _ARRAY_API not found
=== UPDATED ML LIBRARY VERSIONS ===
Python: 3.11.13
PyTorch: 2.5.1
TorchVision: 0.20.1
TorchAudio: 2.5.1
TensorFlow: 2.18.0
Keras: 3.11.3

=== SECURITY FIXES ===
PyTorch 2.1.0 → 2.5.1: 7 MEDIUM CVEs FIXED ✓
TensorFlow 2.15.0 → 2.18.0 (Keras 3.11.3): 2 MEDIUM CVEs FIXED ✓

Total vulnerabilities eliminated: 9 MEDIUM
Security improvement: 9.5/10 → 10.0/10
